This is pdfTeX, Version 3.14159265-2.6-1.40.17 (MiKTeX 2.9.6100) (preloaded format=pdflatex 2016.12.12)  22 MAY 2017 09:25
entering extended mode
**"C:/Users/landon/Documents/GitHub/books/graph coloring tools/bgt.tex"
("C:/Users/landon/Documents/GitHub/books/graph coloring tools/bgt.tex"
LaTeX2e <2016/03/31> patch level 3
Babel <3.9r> and hyphenation patterns for 72 language(s) loaded.
(tufte-book.cls
Document Class: tufte-book 2009/12/11 v3.5.0 Tufte-book class

(C:\Users\landon\AppData\Roaming\MiKTeX\2.9\tex\latex\tufte-latex\tufte-common.
def
File: tufte-common.def 2015/06/21 v3.5.2 Common code for the Tufte-LaTeX styles

("C:\Program Files (x86)\MiKTeX 2.9\tex\latex\xkeyval\xkeyval.sty"
Package: xkeyval 2014/12/03 v2.7a package option processing (HA)
("C:\Program Files (x86)\MiKTeX 2.9\tex\generic\xkeyval\xkeyval.tex" ("C:\Progr
am Files (x86)\MiKTeX 2.9\tex\generic\xkeyval\xkvutils.tex"
\XKV@toks=\toks14
\XKV@tempa@toks=\toks15
("C:\Program Files (x86)\MiKTeX 2.9\tex\generic\xkeyval\keyval.tex"))
\XKV@depth=\count79
File: xkeyval.tex 2014/12/03 v2.7a key=value parser (HA)
)) (C:\Users\landon\AppData\Roaming\MiKTeX\2.9\tex\latex\xifthen\xifthen.sty
Package: xifthen 2009/04/17 v1.3 Extended ifthen features
(C:\Users\landon\AppData\Roaming\MiKTeX\2.9\tex\latex\etex-pkg\etex.sty
Package: etex 2016/08/01 v2.7 eTeX basic definition package (PEB,DPC)
\et@xins=\count80
) ("C:\Program Files (x86)\MiKTeX 2.9\tex\latex\tools\calc.sty"
Package: calc 2014/10/28 v4.3 Infix arithmetic (KKT,FJ)
\calc@Acount=\count81
\calc@Bcount=\count82
\calc@Adimen=\dimen102
\calc@Bdimen=\dimen103
\calc@Askip=\skip41
\calc@Bskip=\skip42
LaTeX Info: Redefining \setlength on input line 80.
LaTeX Info: Redefining \addtolength on input line 81.
\calc@Ccount=\count83
\calc@Cskip=\skip43
) ("C:\Program Files (x86)\MiKTeX 2.9\tex\latex\base\ifthen.sty"
Package: ifthen 2014/09/29 v1.1c Standard LaTeX ifthen package (DPC)
) (C:\Users\landon\AppData\Roaming\MiKTeX\2.9\tex\latex\ifmtarg\ifmtarg.sty
Package: ifmtarg 2009/09/02 v1.2a check for an empty argument
)) (C:\Users\landon\AppData\Roaming\MiKTeX\2.9\tex\latex\hardwrap\hardwrap.sty
Package: hardwrap 2011/02/12 v0.2 Hard wrap messages

(C:\Users\landon\AppData\Roaming\MiKTeX\2.9\tex\latex\ifplatform\ifplatform.sty
Package: ifplatform 2010/10/22 v0.4 Testing for the operating system
("C:\Program Files (x86)\MiKTeX 2.9\tex\generic\oberdiek\pdftexcmds.sty"
Package: pdftexcmds 2016/05/21 v0.22 Utility functions of pdfTeX for LuaTeX (HO
)
("C:\Program Files (x86)\MiKTeX 2.9\tex\generic\oberdiek\infwarerr.sty"
Package: infwarerr 2016/05/16 v1.4 Providing info/warning/error messages (HO)
) ("C:\Program Files (x86)\MiKTeX 2.9\tex\generic\oberdiek\ifluatex.sty"
Package: ifluatex 2016/05/16 v1.4 Provides the ifluatex switch (HO)
Package ifluatex Info: LuaTeX not detected.
) ("C:\Program Files (x86)\MiKTeX 2.9\tex\generic\oberdiek\ltxcmds.sty"
Package: ltxcmds 2016/05/16 v1.23 LaTeX kernel commands for general use (HO)
) ("C:\Program Files (x86)\MiKTeX 2.9\tex\generic\oberdiek\ifpdf.sty"
Package: ifpdf 2016/05/14 v3.1 Provides the ifpdf switch
)
Package pdftexcmds Info: LuaTeX not detected.
Package pdftexcmds Info: \pdf@primitive is available.
Package pdftexcmds Info: \pdf@ifprimitive is available.
Package pdftexcmds Info: \pdfdraftmode found.
) ("C:\Program Files (x86)\MiKTeX 2.9\tex\generic\oberdiek\catchfile.sty"
Package: catchfile 2016/05/16 v1.7 Catch the contents of a file (HO)
("C:\Program Files (x86)\MiKTeX 2.9\tex\generic\oberdiek\etexcmds.sty"
Package: etexcmds 2016/05/16 v1.6 Avoid name clashes with e-TeX commands (HO)
Package etexcmds Info: Could not find \expanded.
(etexcmds)             That can mean that you are not using pdfTeX 1.50 or
(etexcmds)             that some package has redefined \expanded.
(etexcmds)             In the latter case, load this package earlier.
))

Package ifplatform Warning: 
    shell escape is disabled, so I can only detect \ifwindows.

) ("C:\Program Files (x86)\MiKTeX 2.9\tex\generic\ifxetex\ifxetex.sty"
Package: ifxetex 2010/09/12 v0.6 Provides ifxetex conditional
)
\hw@charcount=\count84
\hw@wordcount=\count85
\hw@maxprintline=\count86
)
Class tufte-book Info: Passing openany to the `book' class.
Class tufte-book Info: Loading the base class `book'
("C:\Program Files (x86)\MiKTeX 2.9\tex\latex\base\book.cls"
Document Class: book 2014/09/29 v1.4h Standard LaTeX document class
("C:\Program Files (x86)\MiKTeX 2.9\tex\latex\base\bk10.clo"
File: bk10.clo 2014/09/29 v1.4h Standard LaTeX file (size option)
)
\c@part=\count87
\c@chapter=\count88
\c@section=\count89
\c@subsection=\count90
\c@subsubsection=\count91
\c@paragraph=\count92
\c@subparagraph=\count93
\c@figure=\count94
\c@table=\count95
\abovecaptionskip=\skip44
\belowcaptionskip=\skip45
\bibindent=\dimen104
) (C:\Users\landon\AppData\Roaming\MiKTeX\2.9\tex\latex\titlesec\titlesec.sty
Package: titlesec 2016/03/21 v2.10.2 Sectioning titles
\ttl@box=\box26
\beforetitleunit=\skip46
\aftertitleunit=\skip47
\ttl@plus=\dimen105
\ttl@minus=\dimen106
\ttl@toksa=\toks16
\titlewidth=\dimen107
\titlewidthlast=\dimen108
\titlewidthfirst=\dimen109
) (C:\Users\landon\AppData\Roaming\MiKTeX\2.9\tex\latex\titlesec\titletoc.sty
Package: titletoc 2011/12/15 v1.6 TOC entries
\ttl@leftsep=\dimen110
) ("C:\Program Files (x86)\MiKTeX 2.9\tex\latex\hyperref\hyperref.sty"
Package: hyperref 2016/06/24 v6.83q Hypertext links for LaTeX
("C:\Program Files (x86)\MiKTeX 2.9\tex\generic\oberdiek\hobsub-hyperref.sty"
Package: hobsub-hyperref 2016/05/16 v1.14 Bundle oberdiek, subset hyperref (HO)

("C:\Program Files (x86)\MiKTeX 2.9\tex\generic\oberdiek\hobsub-generic.sty"
Package: hobsub-generic 2016/05/16 v1.14 Bundle oberdiek, subset generic (HO)
Package: hobsub 2016/05/16 v1.14 Construct package bundles (HO)
Package hobsub Info: Skipping package `infwarerr' (already loaded).
Package hobsub Info: Skipping package `ltxcmds' (already loaded).
Package hobsub Info: Skipping package `ifluatex' (already loaded).
Package: ifvtex 2016/05/16 v1.6 Detect VTeX and its facilities (HO)
Package ifvtex Info: VTeX not detected.
Package: intcalc 2016/05/16 v1.2 Expandable calculations with integers (HO)
Package hobsub Info: Skipping package `ifpdf' (already loaded).
Package hobsub Info: Skipping package `etexcmds' (already loaded).
Package: kvsetkeys 2016/05/16 v1.17 Key value parser (HO)
Package: kvdefinekeys 2016/05/16 v1.4 Define keys (HO)
Package hobsub Info: Skipping package `pdftexcmds' (already loaded).
Package: pdfescape 2016/05/16 v1.14 Implements pdfTeX's escape features (HO)
Package: bigintcalc 2016/05/16 v1.4 Expandable calculations on big integers (HO
)
Package: bitset 2016/05/16 v1.2 Handle bit-vector datatype (HO)
Package: uniquecounter 2016/05/16 v1.3 Provide unlimited unique counter (HO)
)
Package hobsub Info: Skipping package `hobsub' (already loaded).
Package: letltxmacro 2016/05/16 v1.5 Let assignment for LaTeX macros (HO)
Package: hopatch 2016/05/16 v1.3 Wrapper for package hooks (HO)
Package: xcolor-patch 2016/05/16 xcolor patch
Package: atveryend 2016/05/16 v1.9 Hooks at the very end of document (HO)
Package atveryend Info: \enddocument detected (standard20110627).
Package: atbegshi 2016/06/09 v1.18 At begin shipout hook (HO)
Package: refcount 2016/05/16 v3.5 Data extraction from label references (HO)
Package: hycolor 2016/05/16 v1.8 Color options for hyperref/bookmark (HO)
) ("C:\Program Files (x86)\MiKTeX 2.9\tex\latex\oberdiek\auxhook.sty"
Package: auxhook 2016/05/16 v1.4 Hooks for auxiliary files (HO)
) ("C:\Program Files (x86)\MiKTeX 2.9\tex\latex\oberdiek\kvoptions.sty"
Package: kvoptions 2016/05/16 v3.12 Key value format for package options (HO)
)
\@linkdim=\dimen111
\Hy@linkcounter=\count96
\Hy@pagecounter=\count97
("C:\Program Files (x86)\MiKTeX 2.9\tex\latex\hyperref\pd1enc.def"
File: pd1enc.def 2016/06/24 v6.83q Hyperref: PDFDocEncoding definition (HO)
)
\Hy@SavedSpaceFactor=\count98
(C:\Users\landon\AppData\Roaming\MiKTeX\2.9\tex\latex\00miktex\hyperref.cfg
File: hyperref.cfg 2002/06/06 v1.2 hyperref configuration of TeXLive
)
Package hyperref Info: Option `unicode' set `true' on input line 4362.
("C:\Program Files (x86)\MiKTeX 2.9\tex\latex\hyperref\puenc.def"
File: puenc.def 2016/06/24 v6.83q Hyperref: PDF Unicode definition (HO)
)
Package hyperref Info: Option `hyperfootnotes' set `false' on input line 4362.
Package hyperref Info: Hyper figures OFF on input line 4486.
Package hyperref Info: Link nesting OFF on input line 4491.
Package hyperref Info: Hyper index ON on input line 4494.
Package hyperref Info: Plain pages OFF on input line 4501.
Package hyperref Info: Backreferencing OFF on input line 4506.
Package hyperref Info: Implicit mode ON; LaTeX internals redefined.
Package hyperref Info: Bookmarks ON on input line 4735.
\c@Hy@tempcnt=\count99
(C:\Users\landon\AppData\Roaming\MiKTeX\2.9\tex\latex\url\url.sty
\Urlmuskip=\muskip10
Package: url 2013/09/16  ver 3.4  Verb mode for urls, etc.
)
LaTeX Info: Redefining \url on input line 5088.
\XeTeXLinkMargin=\dimen112
\Fld@menulength=\count100
\Field@Width=\dimen113
\Fld@charsize=\dimen114
Package hyperref Info: Hyper figures OFF on input line 6342.
Package hyperref Info: Link nesting OFF on input line 6347.
Package hyperref Info: Hyper index ON on input line 6350.
Package hyperref Info: backreferencing OFF on input line 6357.
Package hyperref Info: Link coloring OFF on input line 6362.
Package hyperref Info: Link coloring with OCG OFF on input line 6367.
Package hyperref Info: PDF/A mode OFF on input line 6372.
LaTeX Info: Redefining \ref on input line 6412.
LaTeX Info: Redefining \pageref on input line 6416.
\Hy@abspage=\count101
\c@Item=\count102
)

Package hyperref Message: Driver (autodetected): hpdftex.

("C:\Program Files (x86)\MiKTeX 2.9\tex\latex\hyperref\hpdftex.def"
File: hpdftex.def 2016/06/24 v6.83q Hyperref driver for pdfTeX
\Fld@listcount=\count103
\c@bookmark@seq@number=\count104
("C:\Program Files (x86)\MiKTeX 2.9\tex\latex\oberdiek\rerunfilecheck.sty"
Package: rerunfilecheck 2016/05/16 v1.8 Rerun checks for auxiliary files (HO)
Package uniquecounter Info: New unique counter `rerunfilecheck' on input line 2
82.
)
\Hy@SectionHShift=\skip48
) (C:\Users\landon\AppData\Roaming\MiKTeX\2.9\tex\latex\ms\ragged2e.sty
Package: ragged2e 2009/05/21 v2.1 ragged2e Package (MS)
(C:\Users\landon\AppData\Roaming\MiKTeX\2.9\tex\latex\ms\everysel.sty
Package: everysel 2011/10/28 v1.2 EverySelectfont Package (MS)
)
\CenteringLeftskip=\skip49
\RaggedLeftLeftskip=\skip50
\RaggedRightLeftskip=\skip51
\CenteringRightskip=\skip52
\RaggedLeftRightskip=\skip53
\RaggedRightRightskip=\skip54
\CenteringParfillskip=\skip55
\RaggedLeftParfillskip=\skip56
\RaggedRightParfillskip=\skip57
\JustifyingParfillskip=\skip58
\CenteringParindent=\skip59
\RaggedLeftParindent=\skip60
\RaggedRightParindent=\skip61
\JustifyingParindent=\skip62
) ("C:\Program Files (x86)\MiKTeX 2.9\tex\latex\geometry\geometry.sty"
Package: geometry 2010/09/12 v5.6 Page Geometry
\Gm@cnth=\count105
\Gm@cntv=\count106
\c@Gm@tempcnt=\count107
\Gm@bindingoffset=\dimen115
\Gm@wd@mp=\dimen116
\Gm@odd@mp=\dimen117
\Gm@even@mp=\dimen118
\Gm@layoutwidth=\dimen119
\Gm@layoutheight=\dimen120
\Gm@layouthoffset=\dimen121
\Gm@layoutvoffset=\dimen122
\Gm@dimlist=\toks17
("C:\Program Files (x86)\MiKTeX 2.9\tex\latex\geometry\geometry.cfg"))
(C:\Users\landon\AppData\Roaming\MiKTeX\2.9\tex\latex\changepage\changepage.sty
Package: changepage 2009/10/20 v1.0c check page and change page layout
\c@cp@cntr=\count108
\cp@tempcnt=\count109
)
\@tufte@overhang=\skip63
\@tufte@fullwidth=\skip64
\@tufte@caption@fill=\skip65
(C:\Users\landon\AppData\Roaming\MiKTeX\2.9\tex\latex\paralist\paralist.sty
Package: paralist 2017/01/22 v2.7 Extended list environments
\pltopsep=\skip66
\plpartopsep=\skip67
\plitemsep=\skip68
\plparsep=\skip69
\pl@lab=\toks18
) (C:\Users\landon\AppData\Roaming\MiKTeX\2.9\tex\latex\textcase\textcase.sty
Package: textcase 2004/10/07 v0.07 Text only upper/lower case changing (DPC)
)
(C:\Users\landon\AppData\Roaming\MiKTeX\2.9\tex\latex\microtype\letterspace.sty
Package: letterspace 2016/05/14 v2.6a Robust letterspacing (RS)
LaTeX Info: Redefining \lsstyle on input line 346.
LaTeX Info: Redefining \lslig on input line 347.
LaTeX Info: Redefining \textls on input line 372.
\MT@outer@kern=\dimen123
) (C:\Users\landon\AppData\Roaming\MiKTeX\2.9\tex\latex\setspace\setspace.sty
Package: setspace 2011/12/19 v6.7a set line spacing
) (C:\Users\landon\AppData\Roaming\MiKTeX\2.9\tex\latex\xcolor\xcolor.sty
Package: xcolor 2007/01/21 v2.11 LaTeX color extensions (UK)
(C:\Users\landon\AppData\Roaming\MiKTeX\2.9\tex\latex\graphics-cfg\color.cfg
File: color.cfg 2016/01/02 v1.6 sample color configuration
)
Package xcolor Info: Package option `usenames' ignored on input line 216.
Package xcolor Info: Driver file: pdftex.def on input line 225.
(C:\Users\landon\AppData\Roaming\MiKTeX\2.9\tex\latex\graphics-def\pdftex.def
File: pdftex.def 2016/07/10 v0.06j Graphics/color for pdfTeX
\Gread@gobject=\count110
)
Package xcolor Info: Model `cmy' substituted by `cmy0' on input line 1337.
Package xcolor Info: Model `hsb' substituted by `rgb' on input line 1341.
Package xcolor Info: Model `RGB' extended on input line 1353.
Package xcolor Info: Model `HTML' substituted by `rgb' on input line 1355.
Package xcolor Info: Model `Hsb' substituted by `hsb' on input line 1356.
Package xcolor Info: Model `tHsb' substituted by `hsb' on input line 1357.
Package xcolor Info: Model `HSB' substituted by `hsb' on input line 1358.
Package xcolor Info: Model `Gray' substituted by `gray' on input line 1359.
Package xcolor Info: Model `wave' substituted by `hsb' on input line 1360.
("C:\Program Files (x86)\MiKTeX 2.9\tex\latex\graphics\dvipsnam.def"
File: dvipsnam.def 2016/06/17 v3.0m Driver-dependent file (DPC,SPQR)
) (C:\Users\landon\AppData\Roaming\MiKTeX\2.9\tex\latex\xcolor\svgnam.def
File: svgnam.def 2007/01/21 v2.11 Predefined colors according to SVG 1.1 (UK)
)) (C:\Users\landon\AppData\Roaming\MiKTeX\2.9\tex\latex\natbib\natbib.sty
Package: natbib 2010/09/13 8.31b (PWD, AO)
\bibhang=\skip70
\bibsep=\skip71
LaTeX Info: Redefining \cite on input line 694.
\c@NAT@ctr=\count111
) (C:\Users\landon\AppData\Roaming\MiKTeX\2.9\tex\latex\natbib\bibentry.sty
Package: bibentry 2007/10/30 1.5 (PWD)
) (bgt.bbl)
\c@@tufte@num@bibkeys=\count112
(C:\Users\landon\AppData\Roaming\MiKTeX\2.9\tex\latex\sauerj\optparams.sty
Package: optparams 2004/08/14 v0.9 multiple optional parameters in macros
)
\@tufte@sidenote@vertical@offset=\skip72
(C:\Users\landon\AppData\Roaming\MiKTeX\2.9\tex\latex\placeins\placeins.sty
Package: placeins 2005/04/18  v 2.2
)
\@tufte@margin@floatbox=\box27
\@tufte@figure@box=\box28
\@tufte@caption@box=\box29
\@tufte@caption@vertical@offset=\skip73
\@tufte@float@contents@width=\skip74
("C:\Program Files (x86)\MiKTeX 2.9\tex\latex\psnfss\mathpazo.sty"
Package: mathpazo 2005/04/12 PSNFSS-v9.2a Palatino w/ Pazo Math (D.Puga, WaS) 
\symupright=\mathgroup4
) ("C:\Program Files (x86)\MiKTeX 2.9\tex\latex\psnfss\helvet.sty"
Package: helvet 2005/04/12 PSNFSS-v9.2a (WaS) 
) (C:\Users\landon\AppData\Roaming\MiKTeX\2.9\tex\latex\bera\beramono.sty
Package: beramono 2004/01/31 (WaS)
) ("C:\Program Files (x86)\MiKTeX 2.9\tex\latex\base\fontenc.sty"
Package: fontenc 2016/06/19 v1.99m Standard LaTeX package
("C:\Program Files (x86)\MiKTeX 2.9\tex\latex\base\t1enc.def"
File: t1enc.def 2016/06/19 v1.99m Standard LaTeX file
LaTeX Font Info:    Redeclaring font encoding T1 on input line 48.
)) ("C:\Program Files (x86)\MiKTeX 2.9\tex\latex\base\textcomp.sty"
Package: textcomp 2016/06/19 v1.99m Standard LaTeX package
Package textcomp Info: Sub-encoding information:
(textcomp)               5 = only ISO-Adobe without \textcurrency
(textcomp)               4 = 5 + \texteuro
(textcomp)               3 = 4 + \textohm
(textcomp)               2 = 3 + \textestimated + \textcurrency
(textcomp)               1 = TS1 - \textcircled - \t
(textcomp)               0 = TS1 (full)
(textcomp)             Font families with sub-encoding setting implement
(textcomp)             only a restricted character set as indicated.
(textcomp)             Family '?' is the default used for unknown fonts.
(textcomp)             See the documentation for details.
Package textcomp Info: Setting ? sub-encoding to TS1/1 on input line 79.
("C:\Program Files (x86)\MiKTeX 2.9\tex\latex\base\ts1enc.def"
File: ts1enc.def 2001/06/05 v3.0e (jk/car/fm) Standard LaTeX file
)
LaTeX Info: Redefining \oldstylenums on input line 334.
Package textcomp Info: Setting cmr sub-encoding to TS1/0 on input line 349.
Package textcomp Info: Setting cmss sub-encoding to TS1/0 on input line 350.
Package textcomp Info: Setting cmtt sub-encoding to TS1/0 on input line 351.
Package textcomp Info: Setting cmvtt sub-encoding to TS1/0 on input line 352.
Package textcomp Info: Setting cmbr sub-encoding to TS1/0 on input line 353.
Package textcomp Info: Setting cmtl sub-encoding to TS1/0 on input line 354.
Package textcomp Info: Setting ccr sub-encoding to TS1/0 on input line 355.
Package textcomp Info: Setting ptm sub-encoding to TS1/4 on input line 356.
Package textcomp Info: Setting pcr sub-encoding to TS1/4 on input line 357.
Package textcomp Info: Setting phv sub-encoding to TS1/4 on input line 358.
Package textcomp Info: Setting ppl sub-encoding to TS1/3 on input line 359.
Package textcomp Info: Setting pag sub-encoding to TS1/4 on input line 360.
Package textcomp Info: Setting pbk sub-encoding to TS1/4 on input line 361.
Package textcomp Info: Setting pnc sub-encoding to TS1/4 on input line 362.
Package textcomp Info: Setting pzc sub-encoding to TS1/4 on input line 363.
Package textcomp Info: Setting bch sub-encoding to TS1/4 on input line 364.
Package textcomp Info: Setting put sub-encoding to TS1/5 on input line 365.
Package textcomp Info: Setting uag sub-encoding to TS1/5 on input line 366.
Package textcomp Info: Setting ugq sub-encoding to TS1/5 on input line 367.
Package textcomp Info: Setting ul8 sub-encoding to TS1/4 on input line 368.
Package textcomp Info: Setting ul9 sub-encoding to TS1/4 on input line 369.
Package textcomp Info: Setting augie sub-encoding to TS1/5 on input line 370.
Package textcomp Info: Setting dayrom sub-encoding to TS1/3 on input line 371.
Package textcomp Info: Setting dayroms sub-encoding to TS1/3 on input line 372.

Package textcomp Info: Setting pxr sub-encoding to TS1/0 on input line 373.
Package textcomp Info: Setting pxss sub-encoding to TS1/0 on input line 374.
Package textcomp Info: Setting pxtt sub-encoding to TS1/0 on input line 375.
Package textcomp Info: Setting txr sub-encoding to TS1/0 on input line 376.
Package textcomp Info: Setting txss sub-encoding to TS1/0 on input line 377.
Package textcomp Info: Setting txtt sub-encoding to TS1/0 on input line 378.
Package textcomp Info: Setting lmr sub-encoding to TS1/0 on input line 379.
Package textcomp Info: Setting lmdh sub-encoding to TS1/0 on input line 380.
Package textcomp Info: Setting lmss sub-encoding to TS1/0 on input line 381.
Package textcomp Info: Setting lmssq sub-encoding to TS1/0 on input line 382.
Package textcomp Info: Setting lmvtt sub-encoding to TS1/0 on input line 383.
Package textcomp Info: Setting lmtt sub-encoding to TS1/0 on input line 384.
Package textcomp Info: Setting qhv sub-encoding to TS1/0 on input line 385.
Package textcomp Info: Setting qag sub-encoding to TS1/0 on input line 386.
Package textcomp Info: Setting qbk sub-encoding to TS1/0 on input line 387.
Package textcomp Info: Setting qcr sub-encoding to TS1/0 on input line 388.
Package textcomp Info: Setting qcs sub-encoding to TS1/0 on input line 389.
Package textcomp Info: Setting qpl sub-encoding to TS1/0 on input line 390.
Package textcomp Info: Setting qtm sub-encoding to TS1/0 on input line 391.
Package textcomp Info: Setting qzc sub-encoding to TS1/0 on input line 392.
Package textcomp Info: Setting qhvc sub-encoding to TS1/0 on input line 393.
Package textcomp Info: Setting futs sub-encoding to TS1/4 on input line 394.
Package textcomp Info: Setting futx sub-encoding to TS1/4 on input line 395.
Package textcomp Info: Setting futj sub-encoding to TS1/4 on input line 396.
Package textcomp Info: Setting hlh sub-encoding to TS1/3 on input line 397.
Package textcomp Info: Setting hls sub-encoding to TS1/3 on input line 398.
Package textcomp Info: Setting hlst sub-encoding to TS1/3 on input line 399.
Package textcomp Info: Setting hlct sub-encoding to TS1/5 on input line 400.
Package textcomp Info: Setting hlx sub-encoding to TS1/5 on input line 401.
Package textcomp Info: Setting hlce sub-encoding to TS1/5 on input line 402.
Package textcomp Info: Setting hlcn sub-encoding to TS1/5 on input line 403.
Package textcomp Info: Setting hlcw sub-encoding to TS1/5 on input line 404.
Package textcomp Info: Setting hlcf sub-encoding to TS1/5 on input line 405.
Package textcomp Info: Setting pplx sub-encoding to TS1/3 on input line 406.
Package textcomp Info: Setting pplj sub-encoding to TS1/3 on input line 407.
Package textcomp Info: Setting ptmx sub-encoding to TS1/4 on input line 408.
Package textcomp Info: Setting ptmj sub-encoding to TS1/4 on input line 409.
) (C:\Users\landon\AppData\Roaming\MiKTeX\2.9\tex\latex\fancyhdr\fancyhdr.sty
\fancy@headwidth=\skip75
\f@ncyO@elh=\skip76
\f@ncyO@erh=\skip77
\f@ncyO@olh=\skip78
\f@ncyO@orh=\skip79
\f@ncyO@elf=\skip80
\f@ncyO@erf=\skip81
\f@ncyO@olf=\skip82
\f@ncyO@orf=\skip83
)
\tufteskipamount=\skip84
("C:\Program Files (x86)\MiKTeX 2.9\tex\latex\tools\multicol.sty"
Package: multicol 2016/04/07 v1.8p multicolumn formatting (FMi)
\c@tracingmulticols=\count113
\mult@box=\box30
\multicol@leftmargin=\dimen124
\c@unbalance=\count114
\c@collectmore=\count115
\doublecol@number=\count116
\multicoltolerance=\count117
\multicolpretolerance=\count118
\full@width=\dimen125
\page@free=\dimen126
\premulticols=\dimen127
\postmulticols=\dimen128
\multicolsep=\skip85
\multicolbaselineskip=\skip86
\partial@page=\box31
\last@line=\box32
\maxbalancingoverflow=\dimen129
\mult@rightbox=\box33
\mult@grightbox=\box34
\mult@gfirstbox=\box35
\mult@firstbox=\box36
\@tempa=\box37
\@tempa=\box38
\@tempa=\box39
\@tempa=\box40
\@tempa=\box41
\@tempa=\box42
\@tempa=\box43
\@tempa=\box44
\@tempa=\box45
\@tempa=\box46
\@tempa=\box47
\@tempa=\box48
\@tempa=\box49
\@tempa=\box50
\@tempa=\box51
\@tempa=\box52
\@tempa=\box53
\c@columnbadness=\count119
\c@finalcolumnbadness=\count120
\last@try=\dimen130
\multicolovershoot=\dimen131
\multicolundershoot=\dimen132
\mult@nat@firstbox=\box54
\colbreak@box=\box55
\mc@col@check@num=\count121
)))
Package hyperref Info: Option `colorlinks' set `true' on input line 2.
(C:\Users\landon\AppData\Roaming\MiKTeX\2.9\tex\latex\microtype\microtype.sty
Package: microtype 2016/05/14 v2.6a Micro-typographical refinements (RS)
\MT@toks=\toks19
\MT@count=\count122
LaTeX Info: Redefining \textls on input line 774.
\MT@outer@kern=\dimen133
LaTeX Info: Redefining \textmicrotypecontext on input line 1310.
\MT@listname@count=\count123

(C:\Users\landon\AppData\Roaming\MiKTeX\2.9\tex\latex\microtype\microtype-pdfte
x.def
File: microtype-pdftex.def 2016/05/14 v2.6a Definitions specific to pdftex (RS)

LaTeX Info: Redefining \lsstyle on input line 916.
LaTeX Info: Redefining \lslig on input line 916.
\MT@outer@space=\skip87
)
Package microtype Info: Loading configuration file microtype.cfg.
(C:\Users\landon\AppData\Roaming\MiKTeX\2.9\tex\latex\microtype\microtype.cfg
File: microtype.cfg 2016/05/14 v2.6a microtype main configuration file (RS)
)) (C:\Users\landon\AppData\Roaming\MiKTeX\2.9\tex\latex\booktabs\booktabs.sty
Package: booktabs 2005/04/14 v1.61803 publication quality tables
\heavyrulewidth=\dimen134
\lightrulewidth=\dimen135
\cmidrulewidth=\dimen136
\belowrulesep=\dimen137
\belowbottomsep=\dimen138
\aboverulesep=\dimen139
\abovetopsep=\dimen140
\cmidrulesep=\dimen141
\cmidrulekern=\dimen142
\defaultaddspace=\dimen143
\@cmidla=\count124
\@cmidlb=\count125
\@aboverulesep=\dimen144
\@belowrulesep=\dimen145
\@thisruleclass=\count126
\@lastruleclass=\count127
\@thisrulewidth=\dimen146
) (tkz-graph.sty
Package: tkz-graph 18/11/2008 v 2.7d base for graphs

(C:\Users\landon\AppData\Roaming\MiKTeX\2.9\tex\latex\pgf\frontendlayer\tikz.st
y (C:\Users\landon\AppData\Roaming\MiKTeX\2.9\tex\latex\pgf\basiclayer\pgf.sty 
(C:\Users\landon\AppData\Roaming\MiKTeX\2.9\tex\latex\pgf\utilities\pgfrcs.sty
(C:\Users\landon\AppData\Roaming\MiKTeX\2.9\tex\generic\pgf\utilities\pgfutil-c
ommon.tex
\pgfutil@everybye=\toks20
\pgfutil@tempdima=\dimen147
\pgfutil@tempdimb=\dimen148

(C:\Users\landon\AppData\Roaming\MiKTeX\2.9\tex\generic\pgf\utilities\pgfutil-c
ommon-lists.tex))
(C:\Users\landon\AppData\Roaming\MiKTeX\2.9\tex\generic\pgf\utilities\pgfutil-l
atex.def
\pgfutil@abb=\box56
(C:\Users\landon\AppData\Roaming\MiKTeX\2.9\tex\latex\ms\everyshi.sty
Package: everyshi 2001/05/15 v3.00 EveryShipout Package (MS)
))
(C:\Users\landon\AppData\Roaming\MiKTeX\2.9\tex\generic\pgf\utilities\pgfrcs.co
de.tex
Package: pgfrcs 2013/12/20 v3.0.0 (rcs-revision 1.28)
))
Package: pgf 2013/12/18 v3.0.0 (rcs-revision 1.14)

(C:\Users\landon\AppData\Roaming\MiKTeX\2.9\tex\latex\pgf\basiclayer\pgfcore.st
y ("C:\Program Files (x86)\MiKTeX 2.9\tex\latex\graphics\graphicx.sty"
Package: graphicx 2014/10/28 v1.0g Enhanced LaTeX Graphics (DPC,SPQR)
("C:\Program Files (x86)\MiKTeX 2.9\tex\latex\graphics\graphics.sty"
Package: graphics 2016/07/10 v1.0t Standard LaTeX Graphics (DPC,SPQR)
("C:\Program Files (x86)\MiKTeX 2.9\tex\latex\graphics\trig.sty"
Package: trig 2016/01/03 v1.10 sin cos tan (DPC)
)
(C:\Users\landon\AppData\Roaming\MiKTeX\2.9\tex\latex\graphics-cfg\graphics.cfg
File: graphics.cfg 2016/06/04 v1.11 sample graphics configuration
)
Package graphics Info: Driver file: pdftex.def on input line 99.
)
\Gin@req@height=\dimen149
\Gin@req@width=\dimen150
)
(C:\Users\landon\AppData\Roaming\MiKTeX\2.9\tex\latex\pgf\systemlayer\pgfsys.st
y
(C:\Users\landon\AppData\Roaming\MiKTeX\2.9\tex\generic\pgf\systemlayer\pgfsys.
code.tex
Package: pgfsys 2013/11/30 v3.0.0 (rcs-revision 1.47)

(C:\Users\landon\AppData\Roaming\MiKTeX\2.9\tex\generic\pgf\utilities\pgfkeys.c
ode.tex
\pgfkeys@pathtoks=\toks21
\pgfkeys@temptoks=\toks22

(C:\Users\landon\AppData\Roaming\MiKTeX\2.9\tex\generic\pgf\utilities\pgfkeysfi
ltered.code.tex
\pgfkeys@tmptoks=\toks23
))
\pgf@x=\dimen151
\pgf@y=\dimen152
\pgf@xa=\dimen153
\pgf@ya=\dimen154
\pgf@xb=\dimen155
\pgf@yb=\dimen156
\pgf@xc=\dimen157
\pgf@yc=\dimen158
\w@pgf@writea=\write3
\r@pgf@reada=\read1
\c@pgf@counta=\count128
\c@pgf@countb=\count129
\c@pgf@countc=\count130
\c@pgf@countd=\count131
\t@pgf@toka=\toks24
\t@pgf@tokb=\toks25
\t@pgf@tokc=\toks26

(C:\Users\landon\AppData\Roaming\MiKTeX\2.9\tex\generic\pgf\systemlayer\pgf.cfg
File: pgf.cfg 2008/05/14  (rcs-revision 1.7)
)
Driver file for pgf: pgfsys-pdftex.def

(C:\Users\landon\AppData\Roaming\MiKTeX\2.9\tex\generic\pgf\systemlayer\pgfsys-
pdftex.def
File: pgfsys-pdftex.def 2013/07/18  (rcs-revision 1.33)

(C:\Users\landon\AppData\Roaming\MiKTeX\2.9\tex\generic\pgf\systemlayer\pgfsys-
common-pdf.def
File: pgfsys-common-pdf.def 2013/10/10  (rcs-revision 1.13)
)))
(C:\Users\landon\AppData\Roaming\MiKTeX\2.9\tex\generic\pgf\systemlayer\pgfsyss
oftpath.code.tex
File: pgfsyssoftpath.code.tex 2013/09/09  (rcs-revision 1.9)
\pgfsyssoftpath@smallbuffer@items=\count132
\pgfsyssoftpath@bigbuffer@items=\count133
)
(C:\Users\landon\AppData\Roaming\MiKTeX\2.9\tex\generic\pgf\systemlayer\pgfsysp
rotocol.code.tex
File: pgfsysprotocol.code.tex 2006/10/16  (rcs-revision 1.4)
))
(C:\Users\landon\AppData\Roaming\MiKTeX\2.9\tex\generic\pgf\basiclayer\pgfcore.
code.tex
Package: pgfcore 2010/04/11 v3.0.0 (rcs-revision 1.7)

(C:\Users\landon\AppData\Roaming\MiKTeX\2.9\tex\generic\pgf\math\pgfmath.code.t
ex
(C:\Users\landon\AppData\Roaming\MiKTeX\2.9\tex\generic\pgf\math\pgfmathcalc.co
de.tex
(C:\Users\landon\AppData\Roaming\MiKTeX\2.9\tex\generic\pgf\math\pgfmathutil.co
de.tex)
(C:\Users\landon\AppData\Roaming\MiKTeX\2.9\tex\generic\pgf\math\pgfmathparser.
code.tex
\pgfmath@dimen=\dimen159
\pgfmath@count=\count134
\pgfmath@box=\box57
\pgfmath@toks=\toks27
\pgfmath@stack@operand=\toks28
\pgfmath@stack@operation=\toks29
)
(C:\Users\landon\AppData\Roaming\MiKTeX\2.9\tex\generic\pgf\math\pgfmathfunctio
ns.code.tex
(C:\Users\landon\AppData\Roaming\MiKTeX\2.9\tex\generic\pgf\math\pgfmathfunctio
ns.basic.code.tex)
(C:\Users\landon\AppData\Roaming\MiKTeX\2.9\tex\generic\pgf\math\pgfmathfunctio
ns.trigonometric.code.tex)
(C:\Users\landon\AppData\Roaming\MiKTeX\2.9\tex\generic\pgf\math\pgfmathfunctio
ns.random.code.tex)
(C:\Users\landon\AppData\Roaming\MiKTeX\2.9\tex\generic\pgf\math\pgfmathfunctio
ns.comparison.code.tex)
(C:\Users\landon\AppData\Roaming\MiKTeX\2.9\tex\generic\pgf\math\pgfmathfunctio
ns.base.code.tex)
(C:\Users\landon\AppData\Roaming\MiKTeX\2.9\tex\generic\pgf\math\pgfmathfunctio
ns.round.code.tex)
(C:\Users\landon\AppData\Roaming\MiKTeX\2.9\tex\generic\pgf\math\pgfmathfunctio
ns.misc.code.tex)
(C:\Users\landon\AppData\Roaming\MiKTeX\2.9\tex\generic\pgf\math\pgfmathfunctio
ns.integerarithmetics.code.tex)))
(C:\Users\landon\AppData\Roaming\MiKTeX\2.9\tex\generic\pgf\math\pgfmathfloat.c
ode.tex
\c@pgfmathroundto@lastzeros=\count135
))
(C:\Users\landon\AppData\Roaming\MiKTeX\2.9\tex\generic\pgf\basiclayer\pgfcorep
oints.code.tex
File: pgfcorepoints.code.tex 2013/10/07  (rcs-revision 1.27)
\pgf@picminx=\dimen160
\pgf@picmaxx=\dimen161
\pgf@picminy=\dimen162
\pgf@picmaxy=\dimen163
\pgf@pathminx=\dimen164
\pgf@pathmaxx=\dimen165
\pgf@pathminy=\dimen166
\pgf@pathmaxy=\dimen167
\pgf@xx=\dimen168
\pgf@xy=\dimen169
\pgf@yx=\dimen170
\pgf@yy=\dimen171
\pgf@zx=\dimen172
\pgf@zy=\dimen173
)
(C:\Users\landon\AppData\Roaming\MiKTeX\2.9\tex\generic\pgf\basiclayer\pgfcorep
athconstruct.code.tex
File: pgfcorepathconstruct.code.tex 2013/10/07  (rcs-revision 1.29)
\pgf@path@lastx=\dimen174
\pgf@path@lasty=\dimen175
)
(C:\Users\landon\AppData\Roaming\MiKTeX\2.9\tex\generic\pgf\basiclayer\pgfcorep
athusage.code.tex
File: pgfcorepathusage.code.tex 2013/12/13  (rcs-revision 1.23)
\pgf@shorten@end@additional=\dimen176
\pgf@shorten@start@additional=\dimen177
)
(C:\Users\landon\AppData\Roaming\MiKTeX\2.9\tex\generic\pgf\basiclayer\pgfcores
copes.code.tex
File: pgfcorescopes.code.tex 2013/10/09  (rcs-revision 1.44)
\pgfpic=\box58
\pgf@hbox=\box59
\pgf@layerbox@main=\box60
\pgf@picture@serial@count=\count136
)
(C:\Users\landon\AppData\Roaming\MiKTeX\2.9\tex\generic\pgf\basiclayer\pgfcoreg
raphicstate.code.tex
File: pgfcoregraphicstate.code.tex 2013/09/19  (rcs-revision 1.11)
\pgflinewidth=\dimen178
)
(C:\Users\landon\AppData\Roaming\MiKTeX\2.9\tex\generic\pgf\basiclayer\pgfcoret
ransformations.code.tex
File: pgfcoretransformations.code.tex 2013/10/10  (rcs-revision 1.17)
\pgf@pt@x=\dimen179
\pgf@pt@y=\dimen180
\pgf@pt@temp=\dimen181
)
(C:\Users\landon\AppData\Roaming\MiKTeX\2.9\tex\generic\pgf\basiclayer\pgfcoreq
uick.code.tex
File: pgfcorequick.code.tex 2008/10/09  (rcs-revision 1.3)
)
(C:\Users\landon\AppData\Roaming\MiKTeX\2.9\tex\generic\pgf\basiclayer\pgfcoreo
bjects.code.tex
File: pgfcoreobjects.code.tex 2006/10/11  (rcs-revision 1.2)
)
(C:\Users\landon\AppData\Roaming\MiKTeX\2.9\tex\generic\pgf\basiclayer\pgfcorep
athprocessing.code.tex
File: pgfcorepathprocessing.code.tex 2013/09/09  (rcs-revision 1.9)
)
(C:\Users\landon\AppData\Roaming\MiKTeX\2.9\tex\generic\pgf\basiclayer\pgfcorea
rrows.code.tex
File: pgfcorearrows.code.tex 2013/11/07  (rcs-revision 1.40)
\pgfarrowsep=\dimen182
)
(C:\Users\landon\AppData\Roaming\MiKTeX\2.9\tex\generic\pgf\basiclayer\pgfcores
hade.code.tex
File: pgfcoreshade.code.tex 2013/07/15  (rcs-revision 1.15)
\pgf@max=\dimen183
\pgf@sys@shading@range@num=\count137
)
(C:\Users\landon\AppData\Roaming\MiKTeX\2.9\tex\generic\pgf\basiclayer\pgfcorei
mage.code.tex
File: pgfcoreimage.code.tex 2013/07/15  (rcs-revision 1.18)

(C:\Users\landon\AppData\Roaming\MiKTeX\2.9\tex\generic\pgf\basiclayer\pgfcoree
xternal.code.tex
File: pgfcoreexternal.code.tex 2013/07/15  (rcs-revision 1.20)
\pgfexternal@startupbox=\box61
))
(C:\Users\landon\AppData\Roaming\MiKTeX\2.9\tex\generic\pgf\basiclayer\pgfcorel
ayers.code.tex
File: pgfcorelayers.code.tex 2013/07/18  (rcs-revision 1.7)
)
(C:\Users\landon\AppData\Roaming\MiKTeX\2.9\tex\generic\pgf\basiclayer\pgfcoret
ransparency.code.tex
File: pgfcoretransparency.code.tex 2013/09/30  (rcs-revision 1.5)
)
(C:\Users\landon\AppData\Roaming\MiKTeX\2.9\tex\generic\pgf\basiclayer\pgfcorep
atterns.code.tex
File: pgfcorepatterns.code.tex 2013/11/07  (rcs-revision 1.5)
)))
(C:\Users\landon\AppData\Roaming\MiKTeX\2.9\tex\generic\pgf\modules\pgfmodulesh
apes.code.tex
File: pgfmoduleshapes.code.tex 2013/10/31  (rcs-revision 1.34)
\pgfnodeparttextbox=\box62
)
(C:\Users\landon\AppData\Roaming\MiKTeX\2.9\tex\generic\pgf\modules\pgfmodulepl
ot.code.tex
File: pgfmoduleplot.code.tex 2013/07/31  (rcs-revision 1.12)
)
(C:\Users\landon\AppData\Roaming\MiKTeX\2.9\tex\latex\pgf\compatibility\pgfcomp
-version-0-65.sty
Package: pgfcomp-version-0-65 2007/07/03 v3.0.0 (rcs-revision 1.7)
\pgf@nodesepstart=\dimen184
\pgf@nodesepend=\dimen185
)
(C:\Users\landon\AppData\Roaming\MiKTeX\2.9\tex\latex\pgf\compatibility\pgfcomp
-version-1-18.sty
Package: pgfcomp-version-1-18 2007/07/23 v3.0.0 (rcs-revision 1.1)
)) (C:\Users\landon\AppData\Roaming\MiKTeX\2.9\tex\latex\pgf\utilities\pgffor.s
ty
(C:\Users\landon\AppData\Roaming\MiKTeX\2.9\tex\latex\pgf\utilities\pgfkeys.sty

(C:\Users\landon\AppData\Roaming\MiKTeX\2.9\tex\generic\pgf\utilities\pgfkeys.c
ode.tex)) (C:\Users\landon\AppData\Roaming\MiKTeX\2.9\tex\latex\pgf\math\pgfmat
h.sty
(C:\Users\landon\AppData\Roaming\MiKTeX\2.9\tex\generic\pgf\math\pgfmath.code.t
ex))
(C:\Users\landon\AppData\Roaming\MiKTeX\2.9\tex\generic\pgf\utilities\pgffor.co
de.tex
Package: pgffor 2013/12/13 v3.0.0 (rcs-revision 1.25)

(C:\Users\landon\AppData\Roaming\MiKTeX\2.9\tex\generic\pgf\math\pgfmath.code.t
ex)
\pgffor@iter=\dimen186
\pgffor@skip=\dimen187
\pgffor@stack=\toks30
\pgffor@toks=\toks31
))
(C:\Users\landon\AppData\Roaming\MiKTeX\2.9\tex\generic\pgf\frontendlayer\tikz\
tikz.code.tex
Package: tikz 2013/12/13 v3.0.0 (rcs-revision 1.142)

(C:\Users\landon\AppData\Roaming\MiKTeX\2.9\tex\generic\pgf\libraries\pgflibrar
yplothandlers.code.tex
File: pgflibraryplothandlers.code.tex 2013/08/31 v3.0.0 (rcs-revision 1.20)
\pgf@plot@mark@count=\count138
\pgfplotmarksize=\dimen188
)
\tikz@lastx=\dimen189
\tikz@lasty=\dimen190
\tikz@lastxsaved=\dimen191
\tikz@lastysaved=\dimen192
\tikzleveldistance=\dimen193
\tikzsiblingdistance=\dimen194
\tikz@figbox=\box63
\tikz@figbox@bg=\box64
\tikz@tempbox=\box65
\tikz@tempbox@bg=\box66
\tikztreelevel=\count139
\tikznumberofchildren=\count140
\tikznumberofcurrentchild=\count141
\tikz@fig@count=\count142

(C:\Users\landon\AppData\Roaming\MiKTeX\2.9\tex\generic\pgf\modules\pgfmodulema
trix.code.tex
File: pgfmodulematrix.code.tex 2013/09/17  (rcs-revision 1.8)
\pgfmatrixcurrentrow=\count143
\pgfmatrixcurrentcolumn=\count144
\pgf@matrix@numberofcolumns=\count145
)
\tikz@expandcount=\count146

(C:\Users\landon\AppData\Roaming\MiKTeX\2.9\tex\generic\pgf\frontendlayer\tikz\
libraries\tikzlibrarytopaths.code.tex
File: tikzlibrarytopaths.code.tex 2008/06/17 v3.0.0 (rcs-revision 1.2)
)))
\c@tkzb@ca=\count147
\c@tkzb@cb=\count148
\c@tkzb@cc=\count149
\c@tkzb@v=\count150
\c@tkzb@cd=\count151
\c@tkzb@ce=\count152
\c@tkzb@cf=\count153
\c@tkzb@temp=\count154
\c@tkzb@int=\count155
\c@tkzb@next=\count156
\c@tkzb@ta=\count157
\c@tkzb@tb=\count158
\node@distance=\dimen195
) (C:\Users\landon\AppData\Roaming\MiKTeX\2.9\tex\latex\fancyvrb\fancyvrb.sty
Package: fancyvrb 2008/02/07

Style option: `fancyvrb' v2.7a, with DG/SPQR fixes, and firstline=lastline fix 
<2008/02/07> (tvz)
\FV@CodeLineNo=\count159
\FV@InFile=\read2
\FV@TabBox=\box67
\c@FancyVerbLine=\count160
\FV@StepNumber=\count161
\FV@OutFile=\write4
) ("C:\Program Files (x86)\MiKTeX 2.9\tex\latex\tools\xspace.sty"
Package: xspace 2014/10/28 v1.13 Space after command names (DPC,MH)
) (C:\Users\landon\AppData\Roaming\MiKTeX\2.9\tex\latex\units\units.sty
Package: units 1998/08/04 v0.9b Typesetting units
(C:\Users\landon\AppData\Roaming\MiKTeX\2.9\tex\latex\units\nicefrac.sty
Package: nicefrac 1998/08/04 v0.9b Nice fractions
\L@UnitsRaiseDisplaystyle=\skip88
\L@UnitsRaiseTextstyle=\skip89
\L@UnitsRaiseScriptstyle=\skip90
)) ("C:\Program Files (x86)\MiKTeX 2.9\tex\latex\carlisle\remreset.sty") ("C:\P
rogram Files (x86)\MiKTeX 2.9\tex\latex\base\makeidx.sty"
Package: makeidx 2014/09/29 v1.0m Standard LaTeX package
)
\@indexfile=\write5
\openout5 = `bgt.idx'.

Writing index file bgt.idx
("C:\Program Files (x86)\MiKTeX 2.9\tex\latex\amsmath\amsmath.sty"
Package: amsmath 2016/06/28 v2.15d AMS math features
\@mathmargin=\skip91
For additional information on amsmath, use the `?' option.
("C:\Program Files (x86)\MiKTeX 2.9\tex\latex\amsmath\amstext.sty"
Package: amstext 2000/06/29 v2.01 AMS text
("C:\Program Files (x86)\MiKTeX 2.9\tex\latex\amsmath\amsgen.sty"
File: amsgen.sty 1999/11/30 v2.0 generic functions
\@emptytoks=\toks32
\ex@=\dimen196
)) ("C:\Program Files (x86)\MiKTeX 2.9\tex\latex\amsmath\amsbsy.sty"
Package: amsbsy 1999/11/29 v1.2d Bold Symbols
\pmbraise@=\dimen197
) ("C:\Program Files (x86)\MiKTeX 2.9\tex\latex\amsmath\amsopn.sty"
Package: amsopn 2016/03/08 v2.02 operator names
)
\inf@bad=\count162
LaTeX Info: Redefining \frac on input line 199.
\uproot@=\count163
\leftroot@=\count164
LaTeX Info: Redefining \overline on input line 297.
\classnum@=\count165
\DOTSCASE@=\count166
LaTeX Info: Redefining \ldots on input line 394.
LaTeX Info: Redefining \dots on input line 397.
LaTeX Info: Redefining \cdots on input line 518.
\Mathstrutbox@=\box68
\strutbox@=\box69
\big@size=\dimen198
LaTeX Font Info:    Redeclaring font encoding OML on input line 634.
LaTeX Font Info:    Redeclaring font encoding OMS on input line 635.
\macc@depth=\count167
\c@MaxMatrixCols=\count168
\dotsspace@=\muskip11
\c@parentequation=\count169
\dspbrk@lvl=\count170
\tag@help=\toks33
\row@=\count171
\column@=\count172
\maxfields@=\count173
\andhelp@=\toks34
\eqnshift@=\dimen199
Normal \dimen register pool exhausted, switching to extended pool.
\alignsep@=\dimen256
\tagshift@=\dimen257
\tagwidth@=\dimen258
\totwidth@=\dimen259
\lineht@=\dimen260
\@envbody=\toks35
\multlinegap=\skip92
\multlinetaggap=\skip93
\mathdisplay@stack=\toks36
LaTeX Info: Redefining \[ on input line 2739.
LaTeX Info: Redefining \] on input line 2740.
) ("C:\Program Files (x86)\MiKTeX 2.9\tex\latex\amscls\amsthm.sty"
Package: amsthm 2015/03/04 v2.20.2
\thm@style=\toks37
\thm@bodyfont=\toks38
\thm@headfont=\toks39
\thm@notefont=\toks40
\thm@headpunct=\toks41
\thm@preskip=\skip94
\thm@postskip=\skip95
\thm@headsep=\skip96
\dth@everypar=\toks42
) ("C:\Program Files (x86)\MiKTeX 2.9\tex\latex\amsfonts\amssymb.sty"
Package: amssymb 2013/01/14 v3.01 AMS font symbols
("C:\Program Files (x86)\MiKTeX 2.9\tex\latex\amsfonts\amsfonts.sty"
Package: amsfonts 2013/01/14 v3.01 Basic AMSFonts support
\symAMSa=\mathgroup5
\symAMSb=\mathgroup6
LaTeX Font Info:    Overwriting math alphabet `\mathfrak' in version `bold'
(Font)                  U/euf/m/n --> U/euf/b/n on input line 106.
))
\c@acknowledgement=\count174
\c@algorithm=\count175
\c@axiom=\count176
\c@case=\count177
\c@claim=\count178
\c@conclusion=\count179
\c@condition=\count180
\c@conjecture=\count181
\c@corollary=\count182
\c@criterion=\count183
\c@definition=\count184
\c@example=\count185
\c@exercise=\count186
\c@lemma=\count187
\c@notation=\count188
\c@problem=\count189
\c@proposition=\count190
\c@remark=\count191
\c@observation=\count192
\c@question=\count193
\c@solution=\count194
\c@summary=\count195
\c@theorem=\count196

C:/Users/landon/Documents/GitHub/books/graph coloring tools/bgt.tex:162: LaTeX 
Error: Command \C already defined.
               Or name \end... illegal, see p.192 of the manual.

See the LaTeX manual or LaTeX Companion for explanation.
Type  H <return>  for immediate help
Your command was ignored.
Type  I <command> <return>  to replace it with another command,
or  <return>  to continue without it.



C:/Users/landon/Documents/GitHub/books/graph coloring tools/bgt.tex:165: LaTeX 
Error: Command \G already defined.
               Or name \end... illegal, see p.192 of the manual.

See the LaTeX manual or LaTeX Companion for explanation.
Type  H <return>  for immediate help
Your command was ignored.
Type  I <command> <return>  to replace it with another command,
or  <return>  to continue without it.


(bgt.aux)
\openout1 = `bgt.aux'.

LaTeX Font Info:    Checking defaults for OML/cmm/m/it on input line 180.
LaTeX Font Info:    ... okay on input line 180.
LaTeX Font Info:    Checking defaults for T1/cmr/m/n on input line 180.
LaTeX Font Info:    ... okay on input line 180.
LaTeX Font Info:    Checking defaults for OT1/cmr/m/n on input line 180.
LaTeX Font Info:    ... okay on input line 180.
LaTeX Font Info:    Checking defaults for OMS/cmsy/m/n on input line 180.
LaTeX Font Info:    ... okay on input line 180.
LaTeX Font Info:    Checking defaults for OMX/cmex/m/n on input line 180.
LaTeX Font Info:    ... okay on input line 180.
LaTeX Font Info:    Checking defaults for U/cmr/m/n on input line 180.
LaTeX Font Info:    ... okay on input line 180.
LaTeX Font Info:    Checking defaults for PD1/pdf/m/n on input line 180.
LaTeX Font Info:    ... okay on input line 180.
LaTeX Font Info:    Checking defaults for PU/pdf/m/n on input line 180.
LaTeX Font Info:    ... okay on input line 180.
LaTeX Font Info:    Checking defaults for TS1/cmr/m/n on input line 180.
LaTeX Font Info:    Try loading font information for TS1+cmr on input line 180.


("C:\Program Files (x86)\MiKTeX 2.9\tex\latex\base\ts1cmr.fd"
File: ts1cmr.fd 2014/09/29 v2.5h Standard LaTeX font definitions
)
LaTeX Font Info:    ... okay on input line 180.
LaTeX Font Info:    Try loading font information for T1+pplj on input line 180.


("C:\Program Files (x86)\MiKTeX 2.9\tex\latex\psnfss\t1pplj.fd"
File: t1pplj.fd 2004/09/06 font definitions for T1/pplj.
)
\AtBeginShipoutBox=\box70
Package hyperref Info: Link coloring ON on input line 180.

("C:\Program Files (x86)\MiKTeX 2.9\tex\latex\hyperref\nameref.sty"
Package: nameref 2016/05/21 v2.44 Cross-referencing by name of section

("C:\Program Files (x86)\MiKTeX 2.9\tex\generic\oberdiek\gettitlestring.sty"
Package: gettitlestring 2016/05/16 v1.5 Cleanup title references (HO)
)
\c@section@level=\count197
)
LaTeX Info: Redefining \ref on input line 180.
LaTeX Info: Redefining \pageref on input line 180.
LaTeX Info: Redefining \nameref on input line 180.

(bgt.out)
(bgt.out)
\@outlinefile=\write6
\openout6 = `bgt.out'.


ABD: EverySelectfont initializing macros
LaTeX Info: Redefining \selectfont on input line 180.
*geometry* driver: auto-detecting
*geometry* detected driver: pdftex
*geometry* verbose mode - [ preamble ] result:
* driver: pdftex
* paper: letterpaper
* layout: <same size as paper>
* layoutoffset:(h,v)=(0.0pt,0.0pt)
* modes: twoside asymmetric 
* h-part:(L,W,R)=(72.26999pt, 312.0pt, 230.02501pt)
* v-part:(T,H,B)=(72.26999pt, 616.0pt, 106.7pt)
* \paperwidth=614.295pt
* \paperheight=794.96999pt
* \textwidth=312.0pt
* \textheight=616.0pt
* \oddsidemargin=0.0pt
* \evensidemargin=0.0pt
* \topmargin=-42.0pt
* \headheight=14.0pt
* \headsep=28.0pt
* \topskip=10.0pt
* \footskip=25.29494pt
* \marginparwidth=144.0pt
* \marginparsep=24.0pt
* \columnsep=10.0pt
* \skip\footins=9.0pt plus 4.0pt minus 2.0pt
* \hoffset=0.0pt
* \voffset=0.0pt
* \mag=1000
* \@twocolumnfalse
* \@twosidetrue
* \@mparswitchfalse
* \@reversemarginfalse
* (1in=72.27pt=25.4mm, 1cm=28.453pt)

LaTeX Info: Redefining \microtypecontext on input line 180.
Package microtype Info: Generating PDF output.
Package microtype Info: Character protrusion enabled (level 2).
Package microtype Info: Using default protrusion set `alltext'.
Package microtype Info: Automatic font expansion enabled (level 2),
(microtype)             stretch: 20, shrink: 20, step: 1, non-selected.
Package microtype Info: Using default expansion set `basictext'.
Package microtype Info: No adjustment of tracking.
Package microtype Info: No adjustment of interword spacing.
Package microtype Info: No adjustment of character kerning.

(C:\Users\landon\AppData\Roaming\MiKTeX\2.9\tex\latex\microtype\mt-ppl.cfg
File: mt-ppl.cfg 2005/11/16 v1.6 microtype config. file: Palatino (RS)
)
(C:\Users\landon\AppData\Roaming\MiKTeX\2.9\tex\context\base\supp-pdf.mkii
[Loading MPS to PDF converter (version 2006.09.02).]
\scratchcounter=\count198
\scratchdimen=\dimen261
\scratchbox=\box71
\nofMPsegments=\count199
Normal \count register pool exhausted, switching to extended pool.
\nofMParguments=\count277
\everyMPshowfont=\toks43
\MPscratchCnt=\count278
\MPscratchDim=\dimen262
\MPnumerator=\count279
\makeMPintoPDFobject=\count280
\everyMPtoPDFconversion=\toks44
)
("C:\Program Files (x86)\MiKTeX 2.9\tex\latex\oberdiek\epstopdf-base.sty"
Package: epstopdf-base 2016/05/15 v2.6 Base part for package epstopdf

("C:\Program Files (x86)\MiKTeX 2.9\tex\latex\oberdiek\grfext.sty"
Package: grfext 2016/05/16 v1.2 Manage graphics extensions (HO)
)
Package epstopdf-base Info: Redefining graphics rule for `.eps' on input line 4
38.
Package grfext Info: Graphics extension search list:
(grfext)             [.png,.pdf,.jpg,.mps,.jpeg,.jbig2,.jb2,.PNG,.PDF,.JPG,.JPE
G,.JBIG2,.JB2,.eps]
(grfext)             \AppendGraphicsExtensions on input line 456.
)
\langwohyphens=\language72

ABD: EveryShipout initializing macros
LaTeX Font Info:    Try loading font information for T1+phv on input line 183.

("C:\Program Files (x86)\MiKTeX 2.9\tex\latex\psnfss\t1phv.fd"
File: t1phv.fd 2001/06/04 scalable font definitions for T1/phv.
)
LaTeX Font Info:    Font shape `T1/phv/m/n' will be
(Font)              scaled to size 8.99994pt on input line 183.
Package microtype Info: Loading generic settings for font family
(microtype)             `phv' (encoding: T1).
(microtype)             For optimal results, create family-specific settings.
(microtype)             See the microtype manual for details.
LaTeX Font Info:    Font shape `T1/phv/m/n' will be
(Font)              scaled to size 16.19989pt on input line 183.
LaTeX Font Info:    Font shape `T1/phv/m/n' will be
(Font)              scaled to size 32.39978pt on input line 183.

Overfull \hbox (37.03735pt too wide) in paragraph at lines 183--183
[]\T1/phv/m/n/36/200ls BASIC GRAPH CO-LO-RING[]  
 []

LaTeX Font Info:    Font shape `T1/phv/m/n' will be
(Font)              scaled to size 12.59991pt on input line 183.

[1



{C:/Users/landon/AppData/Local/MiKTeX/2.9/pdftex/config/pdftex.map}]
(bgt.toc)
\tf@toc=\write7
\openout7 = `bgt.toc'.


[2


]
[3

]
[4

]
LaTeX Font Info:    Try loading font information for OT1+pplx on input line 205
.

("C:\Program Files (x86)\MiKTeX 2.9\tex\latex\psnfss\ot1pplx.fd"
File: ot1pplx.fd 2004/09/06 font definitions for OT1/pplx.
)
LaTeX Font Info:    Try loading font information for OML+zplm on input line 205
.

("C:\Program Files (x86)\MiKTeX 2.9\tex\latex\psnfss\omlzplm.fd"
File: omlzplm.fd 2002/09/08 Fontinst v1.914 font definitions for OML/zplm.
)
LaTeX Font Info:    Try loading font information for OMS+zplm on input line 205
.

("C:\Program Files (x86)\MiKTeX 2.9\tex\latex\psnfss\omszplm.fd"
File: omszplm.fd 2002/09/08 Fontinst v1.914 font definitions for OMS/zplm.
)
LaTeX Font Info:    Try loading font information for OMX+zplm on input line 205
.

("C:\Program Files (x86)\MiKTeX 2.9\tex\latex\psnfss\omxzplm.fd"
File: omxzplm.fd 2002/09/08 Fontinst v1.914 font definitions for OMX/zplm.
)
LaTeX Font Info:    Try loading font information for OT1+zplm on input line 205
.

("C:\Program Files (x86)\MiKTeX 2.9\tex\latex\psnfss\ot1zplm.fd"
File: ot1zplm.fd 2002/09/08 Fontinst v1.914 font definitions for OT1/zplm.
)
Package microtype Info: Loading generic settings for font family
(microtype)             `zplm' (encoding: OT1).
(microtype)             For optimal results, create family-specific settings.
(microtype)             See the microtype manual for details.
LaTeX Font Info:    Font shape `U/msa/m/n' will be
(Font)              scaled to size 10.42007pt on input line 205.

(C:\Users\landon\AppData\Roaming\MiKTeX\2.9\tex\latex\microtype\mt-msa.cfg
File: mt-msa.cfg 2006/02/04 v1.1 microtype config. file: AMS symbols (a) (RS)
)
LaTeX Font Info:    Font shape `U/msa/m/n' will be
(Font)              scaled to size 7.91925pt on input line 205.
LaTeX Font Info:    Font shape `U/msa/m/n' will be
(Font)              scaled to size 6.25204pt on input line 205.
LaTeX Font Info:    Font shape `U/msb/m/n' will be
(Font)              scaled to size 10.42007pt on input line 205.

(C:\Users\landon\AppData\Roaming\MiKTeX\2.9\tex\latex\microtype\mt-msb.cfg
File: mt-msb.cfg 2005/06/01 v1.0 microtype config. file: AMS symbols (b) (RS)
)
LaTeX Font Info:    Font shape `U/msb/m/n' will be
(Font)              scaled to size 7.91925pt on input line 205.
LaTeX Font Info:    Font shape `U/msb/m/n' will be
(Font)              scaled to size 6.25204pt on input line 205.

<graphs/all/0.pdf, id=196, 146.5475pt x 146.5475pt>
File: graphs/all/0.pdf Graphic file (type pdf)

<use graphs/all/0.pdf>
Package pdftex.def Info: graphs/all/0.pdf used on input line 218.
(pdftex.def)             Requested size: 36.13364pt x 36.13364pt.

<graphs/all/1.pdf, id=197, 204.765pt x 220.825pt>
File: graphs/all/1.pdf Graphic file (type pdf)

<use graphs/all/1.pdf>
Package pdftex.def Info: graphs/all/1.pdf used on input line 219.
(pdftex.def)             Requested size: 36.13435pt x 38.96841pt.

<graphs/all/011.pdf, id=198, 231.86626pt x 308.15125pt>
File: graphs/all/011.pdf Graphic file (type pdf)

<use graphs/all/011.pdf>
Package pdftex.def Info: graphs/all/011.pdf used on input line 220.
(pdftex.def)             Requested size: 36.13348pt x 48.02155pt.

<graphs/all/111.pdf, id=199, 233.87375pt x 222.8325pt>
File: graphs/all/111.pdf Graphic file (type pdf)

<use graphs/all/111.pdf>
Package pdftex.def Info: graphs/all/111.pdf used on input line 221.
(pdftex.def)             Requested size: 36.13228pt x 34.42647pt.

<graphs/all/001011.pdf, id=200, 302.12875pt x 311.1625pt>
File: graphs/all/001011.pdf Graphic file (type pdf)

<use graphs/all/001011.pdf>
Package pdftex.def Info: graphs/all/001011.pdf used on input line 222.
(pdftex.def)             Requested size: 36.13402pt x 37.21443pt.

<graphs/all/011010.pdf, id=201, 324.21124pt x 388.45125pt>
File: graphs/all/011010.pdf Graphic file (type pdf)

<use graphs/all/011010.pdf>
Package pdftex.def Info: graphs/all/011010.pdf used on input line 223.
(pdftex.def)             Requested size: 36.13332pt x 43.29285pt.

<graphs/all/011011.pdf, id=202, 258.9675pt x 328.22626pt>
File: graphs/all/011011.pdf Graphic file (type pdf)

<use graphs/all/011011.pdf>
Package pdftex.def Info: graphs/all/011011.pdf used on input line 224.
(pdftex.def)             Requested size: 36.13269pt x 45.7961pt.

<graphs/all/011110.pdf, id=203, 231.86626pt x 274.02374pt>
File: graphs/all/011110.pdf Graphic file (type pdf)

<use graphs/all/011110.pdf>
Package pdftex.def Info: graphs/all/011110.pdf used on input line 225.
(pdftex.def)             Requested size: 36.13348pt x 42.7032pt.

<graphs/all/011111.pdf, id=204, 235.88126pt x 291.0875pt>
File: graphs/all/011111.pdf Graphic file (type pdf)

<use graphs/all/011111.pdf>
Package pdftex.def Info: graphs/all/011111.pdf used on input line 226.
(pdftex.def)             Requested size: 36.1329pt x 44.58954pt.

<graphs/all/111111.pdf, id=205, 224.84pt x 224.84pt>
File: graphs/all/111111.pdf Graphic file (type pdf)

<use graphs/all/111111.pdf>
Package pdftex.def Info: graphs/all/111111.pdf used on input line 227.
(pdftex.def)             Requested size: 36.13295pt x 36.13295pt.

<graphs/all/0001001011.pdf, id=206, 296.10625pt x 296.10625pt>
File: graphs/all/0001001011.pdf Graphic file (type pdf)

<use graphs/all/0001001011.pdf>
Package pdftex.def Info: graphs/all/0001001011.pdf used on input line 228.
(pdftex.def)             Requested size: 36.13213pt x 36.13213pt.

<graphs/all/0011001010.pdf, id=207, 398.48875pt x 302.12875pt>
File: graphs/all/0011001010.pdf Graphic file (type pdf)

<use graphs/all/0011001010.pdf>
Package pdftex.def Info: graphs/all/0011001010.pdf used on input line 229.
(pdftex.def)             Requested size: 36.12997pt x 27.39325pt.

<graphs/all/0011001011.pdf, id=208, 318.18875pt x 294.09875pt>
File: graphs/all/0011001011.pdf Graphic file (type pdf)

<use graphs/all/0011001011.pdf>
Package pdftex.def Info: graphs/all/0011001011.pdf used on input line 230.
(pdftex.def)             Requested size: 36.13211pt x 33.39656pt.

<graphs/all/0011010011.pdf, id=209, 353.32pt x 358.33875pt>
File: graphs/all/0011010011.pdf Graphic file (type pdf)

<use graphs/all/0011010011.pdf>
Package pdftex.def Info: graphs/all/0011010011.pdf used on input line 231.
(pdftex.def)             Requested size: 36.13196pt x 36.6452pt.

<graphs/all/0011011010.pdf, id=210, 275.0275pt x 336.25626pt>
File: graphs/all/0011011010.pdf Graphic file (type pdf)

<use graphs/all/0011011010.pdf>
Package pdftex.def Info: graphs/all/0011011010.pdf used on input line 232.
(pdftex.def)             Requested size: 36.1325pt x 44.17662pt.

<graphs/all/0011011011.pdf, id=211, 320.19624pt x 298.11375pt>
File: graphs/all/0011011011.pdf Graphic file (type pdf)

<use graphs/all/0011011011.pdf>
Package pdftex.def Info: graphs/all/0011011011.pdf used on input line 233.
(pdftex.def)             Requested size: 36.13045pt x 33.63869pt.

<graphs/all/0011011110.pdf, id=212, 347.2975pt x 285.065pt>
File: graphs/all/0011011110.pdf Graphic file (type pdf)

<use graphs/all/0011011110.pdf>
Package pdftex.def Info: graphs/all/0011011110.pdf used on input line 234.
(pdftex.def)             Requested size: 36.1308pt x 29.6565pt.

<graphs/all/0011011111.pdf, id=213, 295.1025pt x 343.2825pt>
File: graphs/all/0011011111.pdf Graphic file (type pdf)

<use graphs/all/0011011111.pdf>
Package pdftex.def Info: graphs/all/0011011111.pdf used on input line 235.
(pdftex.def)             Requested size: 36.13123pt x 42.0302pt.

<graphs/all/0101011000.pdf, id=214, 178.6675pt x 450.68375pt>
File: graphs/all/0101011000.pdf Graphic file (type pdf)

<use graphs/all/0101011000.pdf>
Package pdftex.def Info: graphs/all/0101011000.pdf used on input line 236.
(pdftex.def)             Requested size: 36.13362pt x 91.14604pt.

<graphs/all/0101011010.pdf, id=215, 232.87pt x 399.4925pt>
File: graphs/all/0101011010.pdf Graphic file (type pdf)

<use graphs/all/0101011010.pdf>
Package pdftex.def Info: graphs/all/0101011010.pdf used on input line 237.
(pdftex.def)             Requested size: 36.13356pt x 61.98775pt.

<graphs/all/0101011011.pdf, id=216, 249.93375pt x 315.1775pt>
File: graphs/all/0101011011.pdf Graphic file (type pdf)

<use graphs/all/0101011011.pdf>
Package pdftex.def Info: graphs/all/0101011011.pdf used on input line 238.
(pdftex.def)             Requested size: 36.13458pt x 45.5673pt.

<graphs/all/0110011010.pdf, id=217, 304.13625pt x 299.1175pt>
File: graphs/all/0110011010.pdf Graphic file (type pdf)

<use graphs/all/0110011010.pdf>
Package pdftex.def Info: graphs/all/0110011010.pdf used on input line 239.
(pdftex.def)             Requested size: 36.13278pt x 35.53654pt.

<graphs/all/0111001110.pdf, id=218, 348.30125pt x 367.3725pt>
File: graphs/all/0111001110.pdf Graphic file (type pdf)

<use graphs/all/0111001110.pdf>
Package pdftex.def Info: graphs/all/0111001110.pdf used on input line 240.
(pdftex.def)             Requested size: 36.13425pt x 38.11278pt.

<graphs/all/0111001111.pdf, id=219, 268.00125pt x 354.32375pt>
File: graphs/all/0111001111.pdf Graphic file (type pdf)

<use graphs/all/0111001111.pdf>
Package pdftex.def Info: graphs/all/0111001111.pdf used on input line 241.
(pdftex.def)             Requested size: 36.13362pt x 47.77216pt.

<graphs/all/0111011010.pdf, id=220, 266.9975pt x 349.305pt>
File: graphs/all/0111011010.pdf Graphic file (type pdf)

<use graphs/all/0111011010.pdf>
Package pdftex.def Info: graphs/all/0111011010.pdf used on input line 242.
(pdftex.def)             Requested size: 36.13272pt x 47.2714pt.

<graphs/all/0111011011.pdf, id=221, 293.095pt x 346.29375pt>
File: graphs/all/0111011011.pdf Graphic file (type pdf)

<use graphs/all/0111011011.pdf>
Package pdftex.def Info: graphs/all/0111011011.pdf used on input line 243.
(pdftex.def)             Requested size: 36.13141pt x 42.68951pt.

<graphs/all/0111011111.pdf, id=222, 232.87pt x 314.17375pt>
File: graphs/all/0111011111.pdf Graphic file (type pdf)

<use graphs/all/0111011111.pdf>
Package pdftex.def Info: graphs/all/0111011111.pdf used on input line 244.
(pdftex.def)             Requested size: 36.13356pt x 48.74915pt.

<graphs/all/0111111010.pdf, id=223, 320.19624pt x 344.28625pt>
File: graphs/all/0111111010.pdf Graphic file (type pdf)

<use graphs/all/0111111010.pdf>
Package pdftex.def Info: graphs/all/0111111010.pdf used on input line 245.
(pdftex.def)             Requested size: 36.13045pt x 38.84872pt.

<graphs/all/0111111011.pdf, id=224, 286.06876pt x 389.455pt>
File: graphs/all/0111111011.pdf Graphic file (type pdf)

<use graphs/all/0111111011.pdf>
Package pdftex.def Info: graphs/all/0111111011.pdf used on input line 246.
(pdftex.def)             Requested size: 36.1339pt x 49.19281pt.

<graphs/all/0111111111.pdf, id=225, 315.1775pt x 311.1625pt>
File: graphs/all/0111111111.pdf Graphic file (type pdf)

<use graphs/all/0111111111.pdf>
Package pdftex.def Info: graphs/all/0111111111.pdf used on input line 247.
(pdftex.def)             Requested size: 36.13162pt x 35.67136pt.

<graphs/all/1111111111.pdf, id=226, 304.13625pt x 307.1475pt>
File: graphs/all/1111111111.pdf Graphic file (type pdf)

<use graphs/all/1111111111.pdf>
Package pdftex.def Info: graphs/all/1111111111.pdf used on input line 248.
(pdftex.def)             Requested size: 36.13278pt x 36.49054pt.

[5


 <./graphs/all/0.pdf> <./graphs/all/1.pdf

pdfTeX warning: pdflatex (file ./graphs/all/1.pdf): PDF inclusion: multiple pdf
s with page group included in a single page
> <./graphs/all/011.pdf

pdfTeX warning: pdflatex (file ./graphs/all/011.pdf): PDF inclusion: multiple p
dfs with page group included in a single page
> <./graphs/all/111.pdf

pdfTeX warning: pdflatex (file ./graphs/all/111.pdf): PDF inclusion: multiple p
dfs with page group included in a single page
> <./graphs/all/001011.pdf

pdfTeX warning: pdflatex (file ./graphs/all/001011.pdf): PDF inclusion: multipl
e pdfs with page group included in a single page
> <./graphs/all/011010.pdf

pdfTeX warning: pdflatex (file ./graphs/all/011010.pdf): PDF inclusion: multipl
e pdfs with page group included in a single page
> <./graphs/all/011011.pdf

pdfTeX warning: pdflatex (file ./graphs/all/011011.pdf): PDF inclusion: multipl
e pdfs with page group included in a single page
> <./graphs/all/011110.pdf

pdfTeX warning: pdflatex (file ./graphs/all/011110.pdf): PDF inclusion: multipl
e pdfs with page group included in a single page
> <./graphs/all/011111.pdf

pdfTeX warning: pdflatex (file ./graphs/all/011111.pdf): PDF inclusion: multipl
e pdfs with page group included in a single page
> <./graphs/all/111111.pdf

pdfTeX warning: pdflatex (file ./graphs/all/111111.pdf): PDF inclusion: multipl
e pdfs with page group included in a single page
> <./graphs/all/0001001011.pdf

pdfTeX warning: pdflatex (file ./graphs/all/0001001011.pdf): PDF inclusion: mul
tiple pdfs with page group included in a single page
> <./graphs/all/0011001010.pdf

pdfTeX warning: pdflatex (file ./graphs/all/0011001010.pdf): PDF inclusion: mul
tiple pdfs with page group included in a single page
> <./graphs/all/0011001011.pdf

pdfTeX warning: pdflatex (file ./graphs/all/0011001011.pdf): PDF inclusion: mul
tiple pdfs with page group included in a single page
> <./graphs/all/0011010011.pdf

pdfTeX warning: pdflatex (file ./graphs/all/0011010011.pdf): PDF inclusion: mul
tiple pdfs with page group included in a single page
> <./graphs/all/0011011010.pdf

pdfTeX warning: pdflatex (file ./graphs/all/0011011010.pdf): PDF inclusion: mul
tiple pdfs with page group included in a single page
> <./graphs/all/0011011011.pdf

pdfTeX warning: pdflatex (file ./graphs/all/0011011011.pdf): PDF inclusion: mul
tiple pdfs with page group included in a single page
> <./graphs/all/0011011110.pdf

pdfTeX warning: pdflatex (file ./graphs/all/0011011110.pdf): PDF inclusion: mul
tiple pdfs with page group included in a single page
> <./graphs/all/0011011111.pdf

pdfTeX warning: pdflatex (file ./graphs/all/0011011111.pdf): PDF inclusion: mul
tiple pdfs with page group included in a single page
> <./graphs/all/0101011000.pdf

pdfTeX warning: pdflatex (file ./graphs/all/0101011000.pdf): PDF inclusion: mul
tiple pdfs with page group included in a single page
> <./graphs/all/0101011010.pdf

pdfTeX warning: pdflatex (file ./graphs/all/0101011010.pdf): PDF inclusion: mul
tiple pdfs with page group included in a single page
> <./graphs/all/0101011011.pdf

pdfTeX warning: pdflatex (file ./graphs/all/0101011011.pdf): PDF inclusion: mul
tiple pdfs with page group included in a single page
> <./graphs/all/0110011010.pdf

pdfTeX warning: pdflatex (file ./graphs/all/0110011010.pdf): PDF inclusion: mul
tiple pdfs with page group included in a single page
> <./graphs/all/0111001110.pdf

pdfTeX warning: pdflatex (file ./graphs/all/0111001110.pdf): PDF inclusion: mul
tiple pdfs with page group included in a single page
> <./graphs/all/0111001111.pdf

pdfTeX warning: pdflatex (file ./graphs/all/0111001111.pdf): PDF inclusion: mul
tiple pdfs with page group included in a single page
> <./graphs/all/0111011010.pdf

pdfTeX warning: pdflatex (file ./graphs/all/0111011010.pdf): PDF inclusion: mul
tiple pdfs with page group included in a single page
> <./graphs/all/0111011011.pdf

pdfTeX warning: pdflatex (file ./graphs/all/0111011011.pdf): PDF inclusion: mul
tiple pdfs with page group included in a single page
> <./graphs/all/0111011111.pdf

pdfTeX warning: pdflatex (file ./graphs/all/0111011111.pdf): PDF inclusion: mul
tiple pdfs with page group included in a single page
> <./graphs/all/0111111010.pdf

pdfTeX warning: pdflatex (file ./graphs/all/0111111010.pdf): PDF inclusion: mul
tiple pdfs with page group included in a single page
> <./graphs/all/0111111011.pdf

pdfTeX warning: pdflatex (file ./graphs/all/0111111011.pdf): PDF inclusion: mul
tiple pdfs with page group included in a single page
> <./graphs/all/0111111111.pdf

pdfTeX warning: pdflatex (file ./graphs/all/0111111111.pdf): PDF inclusion: mul
tiple pdfs with page group included in a single page
> <./graphs/all/1111111111.pdf

pdfTeX warning: pdflatex (file ./graphs/all/1111111111.pdf): PDF inclusion: mul
tiple pdfs with page group included in a single page
>]
<pictures/crayons.png, id=266, 1269.99469pt x 718.18312pt>
File: pictures/crayons.png Graphic file (type png)

<use pictures/crayons.png>
Package pdftex.def Info: pictures/crayons.png used on input line 255.
(pdftex.def)             Requested size: 180.66606pt x 102.16681pt.

Overfull \hbox (36.66606pt too wide) in paragraph at lines 255--256
[]  
 []


LaTeX Warning: Marginpar on page 6 moved.


LaTeX Warning: Marginpar on page 6 moved.


LaTeX Warning: Marginpar on page 6 moved.

LaTeX Font Info:    Font shape `T1/pplj/bx/n' in size <10> not available
(Font)              Font shape `T1/pplj/b/n' tried instead on input line 333.

[6

 <./pictures/crayons.png>]

LaTeX Warning: Marginpar on page 7 moved.


LaTeX Warning: Marginpar on page 7 moved.


LaTeX Warning: Marginpar on page 7 moved.


Overfull \hbox (0.1139pt too wide) in paragraph at lines 426--431
\T1/pplj/m/it/10 (+10) complete \T1/pplj/m/n/10 (+10) graphs; those in which an
y two vertices are adjacent. We can 
 []

LaTeX Font Info:    Font shape `U/msa/m/n' will be
(Font)              scaled to size 8.33606pt on input line 472.
LaTeX Font Info:    Font shape `U/msa/m/n' will be
(Font)              scaled to size 5.21004pt on input line 472.
LaTeX Font Info:    Font shape `U/msb/m/n' will be
(Font)              scaled to size 8.33606pt on input line 472.
LaTeX Font Info:    Font shape `U/msb/m/n' will be
(Font)              scaled to size 5.21004pt on input line 472.

[7]
Overfull \hbox (38.43082pt too wide) in paragraph at lines 487--522
 [] 
 []


[8]
Overfull \hbox (0.1086pt too wide) in paragraph at lines 575--580
[]\T1/pplj/m/n/10 (+19) The requirement $[] \OML/zplm/m/it/10 > d\OT1/zplm/m/n/
10 (\OML/zplm/m/it/10 v\OT1/zplm/m/n/10 )$ \T1/pplj/m/n/10 (+19) in Theorem [][
]7[][] is quite strong, in the 
 []


[9]
[10]
Overfull \hbox (0.10896pt too wide) in paragraph at lines 627--631
\T1/pplj/m/n/10 (+3) each arrow, then any maximal independent set is a kernel. 
Theorem [][]9[][] 
 []


LaTeX Warning: Marginpar on page 11 moved.


[11]

LaTeX Warning: Marginpar on page 12 moved.


LaTeX Warning: Marginpar on page 12 moved.


[12]
LaTeX Font Info:    Try loading font information for U+fplmbb on input line 665
.

("C:\Program Files (x86)\MiKTeX 2.9\tex\latex\psnfss\ufplmbb.fd"
File: ufplmbb.fd 2003/10/30 Fontinst v1.914 font definitions for U/fplmbb.
)
Overfull \hbox (2.80997pt too wide) in paragraph at lines 681--681
[]  
 []


[13

]
[14]
[15]
[16

]
Underfull \vbox (badness 1708) has occurred while \output is active []


[17

]
Overfull \hbox (12.9537pt too wide) in paragraph at lines 801--805
\OML/zplm/m/it/10 x[] [] x[]$ \T1/pplj/m/n/10 (-20) and $\OML/zplm/m/it/10 DO[]
\OT1/zplm/m/n/10 (\OML/zplm/m/it/10 G\OT1/zplm/m/n/10 )$ \T1/pplj/m/n/10 (-20) 
the orien-ta-ti-ons of $\OML/zplm/m/it/10 G$ \T1/pplj/m/n/10 (-20) where $\OML/
zplm/m/it/10 m[]\OT1/zplm/m/n/10 (\OML/zplm/m/it/10 x[]\OT1/pplx/m/n/10 , [] , 
\OML/zplm/m/it/10 x[]\OT1/zplm/m/n/10 ) = 
 []


Overfull \hbox (0.12332pt too wide) in paragraph at lines 805--810
\T1/pplj/m/n/10 (+13) This gives a combinatorial interpretation of the coeffici
ents of $\OML/zplm/m/it/10 p[]$\T1/pplj/m/n/10 (+13) , but 
 []


Overfull \hbox (0.10144pt too wide) in paragraph at lines 805--810
\OML/zplm/m/it/10 EO\OT1/zplm/m/n/10 ([])$ \T1/pplj/m/n/10 (+1) be the spanning
 Eulerian subgraphs of $[]$ with an odd number 
 []



C:/Users/landon/Documents/GitHub/books/graph coloring tools/bgt.tex:811: LaTeX 
Error: Environment EulerianOrientationsLemma undefined.

See the LaTeX manual or LaTeX Companion for explanation.
Type  H <return>  for immediate help
Your command was ignored.
Type  I <command> <return>  to replace it with another command,
or  <return>  to continue without it.


Overfull \hbox (9.51942pt too wide) detected at line 813
[] \OT1/zplm/m/n/10 = [] \OT1/pplx/m/n/10 .
 []



C:/Users/landon/Documents/GitHub/books/graph coloring tools/bgt.tex:814: LaTeX 
Error: \begin{document} ended by \end{EulerianOrientationsLemma}.

See the LaTeX manual or LaTeX Companion for explanation.
Type  H <return>  for immediate help
Your command was ignored.
Type  I <command> <return>  to replace it with another command,
or  <return>  to continue without it.


Overfull \hbox (3.04076pt too wide) in paragraph at lines 817--819
[]$ \T1/pplj/m/n/10 (-20) and $\OML/zplm/m/it/10 D$\T1/pplj/m/n/10 (-20) . If $
[]$ is even, this gi-ves bi-jecti-ons be-t-ween $\OML/zplm/m/it/10 DE[]\OT1/zpl
m/m/n/10 (\OML/zplm/m/it/10 G\OT1/zplm/m/n/10 )$ 
 []


Overfull \hbox (9.51942pt too wide) detected at line 819
[] \OT1/zplm/m/n/10 = [] \OT1/pplx/m/n/10 .
 []


[18]
Overfull \hbox (3.59454pt too wide) detected at line 839
\OML/zplm/m/it/10 F\OT1/zplm/m/n/10 (\OML/zplm/m/it/10 x[]\OT1/pplx/m/n/10 , []
 , \OML/zplm/m/it/10 x[]\OT1/zplm/m/n/10 ) = [] \OML/zplm/m/it/10 f\OT1/zplm/m/
n/10 (\OML/zplm/m/it/10 a[]\OT1/pplx/m/n/10 , [] , \OML/zplm/m/it/10 a[]\OT1/zp
lm/m/n/10 )[]\OT1/pplx/m/n/10 .
 []


[19]
[20]
C:/Users/landon/Documents/GitHub/books/graph coloring tools/bgt.tex:860: Undefi
ned control sequence
The control sequence at the end of the top line
of your error message was never \def'ed. If you have
misspelled it (e.g., `\hobx'), type `I' and the correct
spelling (e.g., `I\hbox'). Otherwise just continue,
and I'll forget about whatever was undefined.


C:/Users/landon/Documents/GitHub/books/graph coloring tools/bgt.tex:862: Undefi
ned control sequence
The control sequence at the end of the top line
of your error message was never \def'ed. If you have
misspelled it (e.g., `\hobx'), type `I' and the correct
spelling (e.g., `I\hbox'). Otherwise just continue,
and I'll forget about whatever was undefined.


C:/Users/landon/Documents/GitHub/books/graph coloring tools/bgt.tex:867: Undefi
ned control sequence
The control sequence at the end of the top line
of your error message was never \def'ed. If you have
misspelled it (e.g., `\hobx'), type `I' and the correct
spelling (e.g., `I\hbox'). Otherwise just continue,
and I'll forget about whatever was undefined.


C:/Users/landon/Documents/GitHub/books/graph coloring tools/bgt.tex:881: Undefi
ned control sequence
The control sequence at the end of the top line
of your error message was never \def'ed. If you have
misspelled it (e.g., `\hobx'), type `I' and the correct
spelling (e.g., `I\hbox'). Otherwise just continue,
and I'll forget about whatever was undefined.

 [21

] [22]
LaTeX Font Info:    Try loading font information for TS1+pplj on input line 958
.

("C:\Program Files (x86)\MiKTeX 2.9\tex\latex\psnfss\ts1pplj.fd"
File: ts1pplj.fd 2004/09/06 font definitions for TS1/pplj.
) [23] [24

]
C:/Users/landon/Documents/GitHub/books/graph coloring tools/bgt.tex:994: Undefi
ned control sequence
The control sequence at the end of the top line
of your error message was never \def'ed. If you have
misspelled it (e.g., `\hobx'), type `I' and the correct
spelling (e.g., `I\hbox'). Otherwise just continue,
and I'll forget about whatever was undefined.


C:/Users/landon/Documents/GitHub/books/graph coloring tools/bgt.tex:995: Undefi
ned control sequence
The control sequence at the end of the top line
of your error message was never \def'ed. If you have
misspelled it (e.g., `\hobx'), type `I' and the correct
spelling (e.g., `I\hbox'). Otherwise just continue,
and I'll forget about whatever was undefined.


C:/Users/landon/Documents/GitHub/books/graph coloring tools/bgt.tex:995: Undefi
ned control sequence
The control sequence at the end of the top line
of your error message was never \def'ed. If you have
misspelled it (e.g., `\hobx'), type `I' and the correct
spelling (e.g., `I\hbox'). Otherwise just continue,
and I'll forget about whatever was undefined.


C:/Users/landon/Documents/GitHub/books/graph coloring tools/bgt.tex:996: Undefi
ned control sequence
The control sequence at the end of the top line
of your error message was never \def'ed. If you have
misspelled it (e.g., `\hobx'), type `I' and the correct
spelling (e.g., `I\hbox'). Otherwise just continue,
and I'll forget about whatever was undefined.


C:/Users/landon/Documents/GitHub/books/graph coloring tools/bgt.tex:997: Undefi
ned control sequence
The control sequence at the end of the top line
of your error message was never \def'ed. If you have
misspelled it (e.g., `\hobx'), type `I' and the correct
spelling (e.g., `I\hbox'). Otherwise just continue,
and I'll forget about whatever was undefined.


C:/Users/landon/Documents/GitHub/books/graph coloring tools/bgt.tex:997: Missin
g { inserted
A left brace was mandatory here, so I've put one in.
You might want to delete and/or insert some corrections
so that I will find a matching right brace soon.
(If you're confused by all this, try typing `I}' now.)


C:/Users/landon/Documents/GitHub/books/graph coloring tools/bgt.tex:997: Missin
g } inserted
I've inserted something that you may have forgotten.
(See the <inserted text> above.)
With luck, this will get me unwedged. But if you
really didn't forget anything, try typing `2' now; then
my insertion and my current dilemma will both disappear.


C:/Users/landon/Documents/GitHub/books/graph coloring tools/bgt.tex:999: Undefi
ned control sequence
The control sequence at the end of the top line
of your error message was never \def'ed. If you have
misspelled it (e.g., `\hobx'), type `I' and the correct
spelling (e.g., `I\hbox'). Otherwise just continue,
and I'll forget about whatever was undefined.


C:/Users/landon/Documents/GitHub/books/graph coloring tools/bgt.tex:999: Missin
g { inserted
A left brace was mandatory here, so I've put one in.
You might want to delete and/or insert some corrections
so that I will find a matching right brace soon.
(If you're confused by all this, try typing `I}' now.)


C:/Users/landon/Documents/GitHub/books/graph coloring tools/bgt.tex:999: Missin
g } inserted
I've inserted something that you may have forgotten.
(See the <inserted text> above.)
With luck, this will get me unwedged. But if you
really didn't forget anything, try typing `2' now; then
my insertion and my current dilemma will both disappear.

 [25

]
C:/Users/landon/Documents/GitHub/books/graph coloring tools/bgt.tex:1017: Undef
ined control sequence
The control sequence at the end of the top line
of your error message was never \def'ed. If you have
misspelled it (e.g., `\hobx'), type `I' and the correct
spelling (e.g., `I\hbox'). Otherwise just continue,
and I'll forget about whatever was undefined.


C:/Users/landon/Documents/GitHub/books/graph coloring tools/bgt.tex:1017: Undef
ined control sequence
The control sequence at the end of the top line
of your error message was never \def'ed. If you have
misspelled it (e.g., `\hobx'), type `I' and the correct
spelling (e.g., `I\hbox'). Otherwise just continue,
and I'll forget about whatever was undefined.


C:/Users/landon/Documents/GitHub/books/graph coloring tools/bgt.tex:1018: Undef
ined control sequence
The control sequence at the end of the top line
of your error message was never \def'ed. If you have
misspelled it (e.g., `\hobx'), type `I' and the correct
spelling (e.g., `I\hbox'). Otherwise just continue,
and I'll forget about whatever was undefined.


Overfull \hbox (0.12444pt too wide) in paragraph at lines 1012--1019
\T1/pplj/m/n/10 (+13) we can get by with zero colors. With just one color we ca
n edge color 
 []

 [26

] [27] [28]
Appendix A.
No file bgt.ind.

Package bibentry Warning: You have used \nobibliography* 
(bibentry)                without a following \bibliography.
(bibentry)                You may not be able to run BibTeX.

 [29


]
Package atveryend Info: Empty hook `BeforeClearDocument' on input line 1100.
Package atveryend Info: Empty hook `AfterLastShipout' on input line 1100.
 (bgt.aux)
Package atveryend Info: Executing hook `AtVeryEndDocument' on input line 1100.
Package atveryend Info: Executing hook `AtEndAfterFileList' on input line 1100.

Package rerunfilecheck Info: File `bgt.out' has not changed.
(rerunfilecheck)             Checksum: CBA8C88E7B99BB3FF69799002EE26103;5904.
Package atveryend Info: Empty hook `AtVeryVeryEnd' on input line 1100.
 ) 
Here is how much of TeX's memory you used:
 25942 strings out of 493367
 449299 string characters out of 3137292
 578197 words of memory out of 3000000
 28525 multiletter control sequences out of 15000+200000
 99377 words of font info for 312 fonts, out of 3000000 for 9000
 1127 hyphenation exceptions out of 8191
 61i,13n,63p,735b,966s stack positions out of 5000i,500n,10000p,200000b,50000s
{C:/Users/landon/AppData/Roaming/MiKTeX/2.9/fonts/enc/dvips/base/8r.enc}<C:/P
rogram Files (x86)/MiKTeX 2.9/fonts/type1/public/amsfonts/cm/cmex10.pfb><C:/Pro
gram Files (x86)/MiKTeX 2.9/fonts/type1/public/amsfonts/cm/cmmi10.pfb><C:/Progr
am Files (x86)/MiKTeX 2.9/fonts/type1/public/amsfonts/cm/cmr10.pfb><C:/Program 
Files (x86)/MiKTeX 2.9/fonts/type1/public/amsfonts/cm/cmsy10.pfb><C:/Users/land
on/AppData/Roaming/MiKTeX/2.9/fonts/type1/public/fpl/fplbj8a.pfb><C:/Users/land
on/AppData/Roaming/MiKTeX/2.9/fonts/type1/public/mathpazo/fplmbb.pfb><C:/Users/
landon/AppData/Roaming/MiKTeX/2.9/fonts/type1/public/mathpazo/fplmr.pfb><C:/Use
rs/landon/AppData/Roaming/MiKTeX/2.9/fonts/type1/public/mathpazo/fplmri.pfb><C:
/Users/landon/AppData/Roaming/MiKTeX/2.9/fonts/type1/public/fpl/fplrc8a.pfb><C:
/Users/landon/AppData/Roaming/MiKTeX/2.9/fonts/type1/public/fpl/fplrij8a.pfb><C
:/Program Files (x86)/MiKTeX 2.9/fonts/type1/urw/helvetic/uhvr8a.pfb><C:/Progra
m Files (x86)/MiKTeX 2.9/fonts/type1/urw/palatino/uplb8a.pfb><C:/Program Files 
(x86)/MiKTeX 2.9/fonts/type1/urw/palatino/uplr8a.pfb><C:/Program Files (x86)/Mi
KTeX 2.9/fonts/type1/urw/palatino/uplri8a.pfb>
Output written on bgt.pdf (29 pages, 347950 bytes).
PDF statistics:
 508 PDF objects out of 1000 (max. 8388607)
 104 named destinations out of 1000 (max. 500000)
 49109 words of extra memory for PDF output out of 51595 (max. 10000000)

