This is pdfTeX, Version 3.14159265-2.6-1.40.17 (MiKTeX 2.9.6100) (preloaded format=pdflatex 2016.12.12)  19 MAY 2017 10:16
entering extended mode
**"C:/Users/landon/Documents/GitHub/books/graph coloring tools/gct.tex"
("C:/Users/landon/Documents/GitHub/books/graph coloring tools/gct.tex"
LaTeX2e <2016/03/31> patch level 3
Babel <3.9r> and hyphenation patterns for 72 language(s) loaded.
("C:\Program Files (x86)\MiKTeX 2.9\tex\latex\amscls\amsbook.cls"
Document Class: amsbook 2015/03/04 v2.20.2
\linespacing=\dimen102
\normalparindent=\dimen103
\normaltopskip=\skip41
("C:\Program Files (x86)\MiKTeX 2.9\tex\latex\amsmath\amsmath.sty"
Package: amsmath 2016/06/28 v2.15d AMS math features
\@mathmargin=\skip42
For additional information on amsmath, use the `?' option.
("C:\Program Files (x86)\MiKTeX 2.9\tex\latex\amsmath\amstext.sty"
Package: amstext 2000/06/29 v2.01 AMS text
("C:\Program Files (x86)\MiKTeX 2.9\tex\latex\amsmath\amsgen.sty"
File: amsgen.sty 1999/11/30 v2.0 generic functions
\@emptytoks=\toks14
\ex@=\dimen104
)) ("C:\Program Files (x86)\MiKTeX 2.9\tex\latex\amsmath\amsbsy.sty"
Package: amsbsy 1999/11/29 v1.2d Bold Symbols
\pmbraise@=\dimen105
) ("C:\Program Files (x86)\MiKTeX 2.9\tex\latex\amsmath\amsopn.sty"
Package: amsopn 2016/03/08 v2.02 operator names
)
\inf@bad=\count79
LaTeX Info: Redefining \frac on input line 199.
\uproot@=\count80
\leftroot@=\count81
LaTeX Info: Redefining \overline on input line 297.
\classnum@=\count82
\DOTSCASE@=\count83
LaTeX Info: Redefining \ldots on input line 394.
LaTeX Info: Redefining \dots on input line 397.
LaTeX Info: Redefining \cdots on input line 518.
\Mathstrutbox@=\box26
\strutbox@=\box27
\big@size=\dimen106
LaTeX Font Info:    Redeclaring font encoding OML on input line 634.
LaTeX Font Info:    Redeclaring font encoding OMS on input line 635.
\macc@depth=\count84
\c@MaxMatrixCols=\count85
\dotsspace@=\muskip10
\c@parentequation=\count86
\dspbrk@lvl=\count87
\tag@help=\toks15
\row@=\count88
\column@=\count89
\maxfields@=\count90
\andhelp@=\toks16
\eqnshift@=\dimen107
\alignsep@=\dimen108
\tagshift@=\dimen109
\tagwidth@=\dimen110
\totwidth@=\dimen111
\lineht@=\dimen112
\@envbody=\toks17
\multlinegap=\skip43
\multlinetaggap=\skip44
\mathdisplay@stack=\toks18
LaTeX Info: Redefining \[ on input line 2739.
LaTeX Info: Redefining \] on input line 2740.
)
LaTeX Font Info:    Try loading font information for U+msa on input line 367.
("C:\Program Files (x86)\MiKTeX 2.9\tex\latex\amsfonts\umsa.fd"
File: umsa.fd 2013/01/14 v3.01 AMS symbols A
) ("C:\Program Files (x86)\MiKTeX 2.9\tex\latex\amsfonts\amsfonts.sty"
Package: amsfonts 2013/01/14 v3.01 Basic AMSFonts support
\symAMSa=\mathgroup4
\symAMSb=\mathgroup5
LaTeX Font Info:    Overwriting math alphabet `\mathfrak' in version `bold'
(Font)                  U/euf/m/n --> U/euf/b/n on input line 106.
)
\copyins=\insert199
\abstractbox=\box28
\listisep=\skip45
\c@part=\count91
\c@chapter=\count92
\c@section=\count93
\c@subsection=\count94
\c@subsubsection=\count95
\c@paragraph=\count96
\c@subparagraph=\count97
\c@figure=\count98
\c@table=\count99
\abovecaptionskip=\skip46
\belowcaptionskip=\skip47
\captionindent=\dimen113
\thm@style=\toks19
\thm@bodyfont=\toks20
\thm@headfont=\toks21
\thm@notefont=\toks22
\thm@headpunct=\toks23
\thm@preskip=\skip48
\thm@postskip=\skip49
\thm@headsep=\skip50
\dth@everypar=\toks24
)
(C:\Users\landon\AppData\Roaming\MiKTeX\2.9\tex\latex\marginnote\marginnote.sty
Package: marginnote 2012/03/29 v1.1i non floating margin notes for LaTeX
\c@mn@abspage=\count100
) ("C:\Program Files (x86)\MiKTeX 2.9\tex\latex\amsfonts\amssymb.sty"
Package: amssymb 2013/01/14 v3.01 AMS font symbols
) ("C:\Program Files (x86)\MiKTeX 2.9\tex\latex\graphics\color.sty"
Package: color 2016/07/10 v1.1e Standard LaTeX Color (DPC)
(C:\Users\landon\AppData\Roaming\MiKTeX\2.9\tex\latex\graphics-cfg\color.cfg
File: color.cfg 2016/01/02 v1.6 sample color configuration
)
Package color Info: Driver file: pdftex.def on input line 147.
(C:\Users\landon\AppData\Roaming\MiKTeX\2.9\tex\latex\graphics-def\pdftex.def
File: pdftex.def 2016/07/10 v0.06j Graphics/color for pdfTeX
("C:\Program Files (x86)\MiKTeX 2.9\tex\generic\oberdiek\infwarerr.sty"
Package: infwarerr 2016/05/16 v1.4 Providing info/warning/error messages (HO)
) ("C:\Program Files (x86)\MiKTeX 2.9\tex\generic\oberdiek\ltxcmds.sty"
Package: ltxcmds 2016/05/16 v1.23 LaTeX kernel commands for general use (HO)
)
\Gread@gobject=\count101
))
\c@acknowledgement=\count102
\c@algorithm=\count103
\c@axiom=\count104
\c@case=\count105
\c@claim=\count106
\c@conclusion=\count107
\c@condition=\count108
\c@conjecture=\count109
\c@corollary=\count110
\c@criterion=\count111
\c@definition=\count112
\c@example=\count113
\c@exercise=\count114
\c@lemma=\count115
\c@notation=\count116
\c@problem=\count117
\c@proposition=\count118
\c@remark=\count119
\c@observation=\count120
\c@question=\count121
\c@solution=\count122
\c@summary=\count123
\c@theorem=\count124
(gct.aux)
\openout1 = `gct.aux'.

LaTeX Font Info:    Checking defaults for OML/cmm/m/it on input line 69.
LaTeX Font Info:    ... okay on input line 69.
LaTeX Font Info:    Checking defaults for T1/cmr/m/n on input line 69.
LaTeX Font Info:    ... okay on input line 69.
LaTeX Font Info:    Checking defaults for OT1/cmr/m/n on input line 69.
LaTeX Font Info:    ... okay on input line 69.
LaTeX Font Info:    Checking defaults for OMS/cmsy/m/n on input line 69.
LaTeX Font Info:    ... okay on input line 69.
LaTeX Font Info:    Checking defaults for OMX/cmex/m/n on input line 69.
LaTeX Font Info:    ... okay on input line 69.
LaTeX Font Info:    Checking defaults for U/cmr/m/n on input line 69.
LaTeX Font Info:    ... okay on input line 69.
LaTeX Font Info:    Try loading font information for U+msa on input line 69.
("C:\Program Files (x86)\MiKTeX 2.9\tex\latex\amsfonts\umsa.fd"
File: umsa.fd 2013/01/14 v3.01 AMS symbols A
)
LaTeX Font Info:    Try loading font information for U+msb on input line 69.
("C:\Program Files (x86)\MiKTeX 2.9\tex\latex\amsfonts\umsb.fd"
File: umsb.fd 2013/01/14 v3.01 AMS symbols B
)
Package marginnote Info: \pdfoutput not 0 and \pdflastxpos available.
(marginnote)             Extended position detection mode activated.
(C:\Users\landon\AppData\Roaming\MiKTeX\2.9\tex\context\base\supp-pdf.mkii
[Loading MPS to PDF converter (version 2006.09.02).]
\scratchcounter=\count125
\scratchdimen=\dimen114
\scratchbox=\box29
\nofMPsegments=\count126
\nofMParguments=\count127
\everyMPshowfont=\toks25
\MPscratchCnt=\count128
\MPscratchDim=\dimen115
\MPnumerator=\count129
\makeMPintoPDFobject=\count130
\everyMPtoPDFconversion=\toks26
) [1




{C:/Users/landon/AppData/Local/MiKTeX/2.9/pdftex/config/pdftex.map}] [2]
Contents
(gct.toc)
\tf@toc=\write3
\openout3 = `gct.toc'.

[3


] [4


]
preface
[5] [6


]
graphs
Package marginnote Info: Margin note 7.1 is on absolute page 7
(marginnote)              on input line 83.
Package marginnote Info: xpos seems to be 348.60248pt,
(marginnote)             \marginnoterightadjust ignored on input line 83.
Package marginnote Info: Margin note 7.2 is on absolute page 7
(marginnote)              on input line 83.
Package marginnote Info: xpos seems to be 221.03712pt,
(marginnote)             \marginnoterightadjust ignored on input line 83.
Package marginnote Info: Margin note 7.3 is on absolute page 7
(marginnote)              on input line 86.
Package marginnote Info: xpos seems to be 229.30019pt,
(marginnote)             \marginnoterightadjust ignored on input line 86.
Package marginnote Info: Margin note 7.4 is on absolute page 7
(marginnote)              on input line 87.
Package marginnote Info: xpos seems to be 278.41096pt,
(marginnote)             \marginnoterightadjust ignored on input line 87.
C:/Users/landon/Documents/GitHub/books/graph coloring tools/gct.tex:87: Missing
 number, treated as zero
A number should have been here; I inserted `0'.
(If you can't figure out why I needed to see a number,
look up `weird error' in the index to The TeXbook.)


C:/Users/landon/Documents/GitHub/books/graph coloring tools/gct.tex:87: Illegal
 unit of measure (pt inserted)
Dimensions can be in units of em, ex, in, pt, pc,
cm, mm, dd, cc, nd, nc, bp, or sp; but yours is a new one!
I'll assume that you meant to say pt, for printer's points.
To recover gracefully from this error, it's best to
delete the erroneous units; e.g., type `2' to delete
two letters. (See Chapter 27 of The TeXbook.)

Package marginnote Info: Margin note 7.5 is on absolute page 7
(marginnote)              on input line 89.
Package marginnote Info: xpos seems to be 394.87949pt,
(marginnote)             \marginnoterightadjust ignored on input line 89.
Package marginnote Info: Margin note 7.6 is on absolute page 7
(marginnote)              on input line 90.
Package marginnote Info: xpos seems to be 158.95445pt,
(marginnote)             \marginnoterightadjust ignored on input line 90.
Package marginnote Info: Margin note 7.7 is on absolute page 7
(marginnote)              on input line 90.
Package marginnote Info: xpos seems to be 158.95445pt,
(marginnote)             \marginnoterightadjust ignored on input line 90.
Package marginnote Info: Margin note 7.8 is on absolute page 7
(marginnote)              on input line 91.
Package marginnote Info: xpos seems to be 181.24355pt,
(marginnote)             \marginnoterightadjust ignored on input line 91.
Package marginnote Info: Margin note 7.9 is on absolute page 7
(marginnote)              on input line 93.
Package marginnote Info: xpos seems to be 127.14749pt,
(marginnote)             \marginnoterightadjust ignored on input line 93.

C:/Users/landon/Documents/GitHub/books/graph coloring tools/gct.tex:93: Missing
 number, treated as zero
A number should have been here; I inserted `0'.
(If you can't figure out why I needed to see a number,
look up `weird error' in the index to The TeXbook.)


C:/Users/landon/Documents/GitHub/books/graph coloring tools/gct.tex:93: Illegal
 unit of measure (pt inserted)
Dimensions can be in units of em, ex, in, pt, pc,
cm, mm, dd, cc, nd, nc, bp, or sp; but yours is a new one!
I'll assume that you meant to say pt, for printer's points.
To recover gracefully from this error, it's best to
delete the erroneous units; e.g., type `2' to delete
two letters. (See Chapter 27 of The TeXbook.)

 [7] [8


]
coloring vertices
Package marginnote Info: Margin note 9.1 is on absolute page 9
(marginnote)              on input line 101.
Package marginnote Info: xpos seems to be 378.56535pt,
(marginnote)             \marginnoterightadjust ignored on input line 101.

C:/Users/landon/Documents/GitHub/books/graph coloring tools/gct.tex:101: Missin
g number, treated as zero
A number should have been here; I inserted `0'.
(If you can't figure out why I needed to see a number,
look up `weird error' in the index to The TeXbook.)


C:/Users/landon/Documents/GitHub/books/graph coloring tools/gct.tex:101: Illega
l unit of measure (pt inserted)
Dimensions can be in units of em, ex, in, pt, pc,
cm, mm, dd, cc, nd, nc, bp, or sp; but yours is a new one!
I'll assume that you meant to say pt, for printer's points.
To recover gracefully from this error, it's best to
delete the erroneous units; e.g., type `2' to delete
two letters. (See Chapter 27 of The TeXbook.)

Package marginnote Info: Margin note 9.2 is on absolute page 9
(marginnote)              on input line 101.
Package marginnote Info: xpos seems to be 384.00983pt,
(marginnote)             \marginnoterightadjust ignored on input line 101.

C:/Users/landon/Documents/GitHub/books/graph coloring tools/gct.tex:101: Missin
g number, treated as zero
A number should have been here; I inserted `0'.
(If you can't figure out why I needed to see a number,
look up `weird error' in the index to The TeXbook.)


C:/Users/landon/Documents/GitHub/books/graph coloring tools/gct.tex:101: Illega
l unit of measure (pt inserted)
Dimensions can be in units of em, ex, in, pt, pc,
cm, mm, dd, cc, nd, nc, bp, or sp; but yours is a new one!
I'll assume that you meant to say pt, for printer's points.
To recover gracefully from this error, it's best to
delete the erroneous units; e.g., type `2' to delete
two letters. (See Chapter 27 of The TeXbook.)

Package marginnote Info: Margin note 9.3 is on absolute page 9
(marginnote)              on input line 103.
Package marginnote Info: xpos seems to be 127.14749pt,
(marginnote)             \marginnoterightadjust ignored on input line 103.

C:/Users/landon/Documents/GitHub/books/graph coloring tools/gct.tex:103: Missin
g number, treated as zero
A number should have been here; I inserted `0'.
(If you can't figure out why I needed to see a number,
look up `weird error' in the index to The TeXbook.)


C:/Users/landon/Documents/GitHub/books/graph coloring tools/gct.tex:103: Illega
l unit of measure (pt inserted)
Dimensions can be in units of em, ex, in, pt, pc,
cm, mm, dd, cc, nd, nc, bp, or sp; but yours is a new one!
I'll assume that you meant to say pt, for printer's points.
To recover gracefully from this error, it's best to
delete the erroneous units; e.g., type `2' to delete
two letters. (See Chapter 27 of The TeXbook.)

Package marginnote Info: Margin note 9.4 is on absolute page 9
(marginnote)              on input line 104.
Package marginnote Info: xpos seems to be 320.83043pt,
(marginnote)             \marginnoterightadjust ignored on input line 104.
Package marginnote Info: Margin note 9.5 is on absolute page 9
(marginnote)              on input line 104.
Package marginnote Info: xpos seems to be 381.19559pt,
(marginnote)             \marginnoterightadjust ignored on input line 104.
Package marginnote Info: Margin note 9.6 is on absolute page 9
(marginnote)              on input line 105.
Package marginnote Info: xpos seems to be 200.29506pt,
(marginnote)             \marginnoterightadjust ignored on input line 105.

C:/Users/landon/Documents/GitHub/books/graph coloring tools/gct.tex:105: Missin
g number, treated as zero
A number should have been here; I inserted `0'.
(If you can't figure out why I needed to see a number,
look up `weird error' in the index to The TeXbook.)


C:/Users/landon/Documents/GitHub/books/graph coloring tools/gct.tex:105: Illega
l unit of measure (pt inserted)
Dimensions can be in units of em, ex, in, pt, pc,
cm, mm, dd, cc, nd, nc, bp, or sp; but yours is a new one!
I'll assume that you meant to say pt, for printer's points.
To recover gracefully from this error, it's best to
delete the erroneous units; e.g., type `2' to delete
two letters. (See Chapter 27 of The TeXbook.)

Package marginnote Info: Margin note 9.7 is on absolute page 9
(marginnote)              on input line 106.
Package marginnote Info: xpos seems to be 267.60849pt,
(marginnote)             \marginnoterightadjust ignored on input line 106.

C:/Users/landon/Documents/GitHub/books/graph coloring tools/gct.tex:106: Missin
g number, treated as zero
A number should have been here; I inserted `0'.
(If you can't figure out why I needed to see a number,
look up `weird error' in the index to The TeXbook.)


C:/Users/landon/Documents/GitHub/books/graph coloring tools/gct.tex:106: Illega
l unit of measure (pt inserted)
Dimensions can be in units of em, ex, in, pt, pc,
cm, mm, dd, cc, nd, nc, bp, or sp; but yours is a new one!
I'll assume that you meant to say pt, for printer's points.
To recover gracefully from this error, it's best to
delete the erroneous units; e.g., type `2' to delete
two letters. (See Chapter 27 of The TeXbook.)

Package marginnote Info: Margin note 9.8 is on absolute page 9
(marginnote)              on input line 106.
Package marginnote Info: xpos seems to be 267.60849pt,
(marginnote)             \marginnoterightadjust ignored on input line 106.
Package marginnote Info: Margin note 9.9 is on absolute page 9
(marginnote)              on input line 106.
Package marginnote Info: xpos seems to be 267.60849pt,
(marginnote)             \marginnoterightadjust ignored on input line 106.
Package marginnote Info: Margin note 9.10 is on absolute page 10
(marginnote)              on input line 130.
Package marginnote Info: xpos seems to be 192.1962pt,
(marginnote)             \marginnoteleftadjust ignored on input line 130.
Package marginnote Info: Margin note 9.11 is on absolute page 10
(marginnote)              on input line 130.
Package marginnote Info: xpos seems to be 192.1962pt,
(marginnote)             \marginnoteleftadjust ignored on input line 130.
 [1


]
Package marginnote Info: Margin note 10.1 is on absolute page 10
(marginnote)              on input line 136.

C:/Users/landon/Documents/GitHub/books/graph coloring tools/gct.tex:136: Missin
g number, treated as zero
A number should have been here; I inserted `0'.
(If you can't figure out why I needed to see a number,
look up `weird error' in the index to The TeXbook.)


C:/Users/landon/Documents/GitHub/books/graph coloring tools/gct.tex:136: Illega
l unit of measure (pt inserted)
Dimensions can be in units of em, ex, in, pt, pc,
cm, mm, dd, cc, nd, nc, bp, or sp; but yours is a new one!
I'll assume that you meant to say pt, for printer's points.
To recover gracefully from this error, it's best to
delete the erroneous units; e.g., type `2' to delete
two letters. (See Chapter 27 of The TeXbook.)

Package marginnote Info: xpos seems to be 355.33339pt,
(marginnote)             \marginnoteleftadjust ignored on input line 136.
Package marginnote Info: Margin note 10.2 is on absolute page 10
(marginnote)              on input line 137.
Package marginnote Info: xpos seems to be 422.95892pt,
(marginnote)             \marginnoteleftadjust ignored on input line 137.
Package marginnote Info: Margin note 10.3 is on absolute page 10
(marginnote)              on input line 137.
Package marginnote Info: xpos seems to be 422.95892pt,
(marginnote)             \marginnoteleftadjust ignored on input line 137.
Package marginnote Info: Margin note 10.4 is on absolute page 10
(marginnote)              on input line 153.

C:/Users/landon/Documents/GitHub/books/graph coloring tools/gct.tex:153: Missin
g number, treated as zero
A number should have been here; I inserted `0'.
(If you can't figure out why I needed to see a number,
look up `weird error' in the index to The TeXbook.)


C:/Users/landon/Documents/GitHub/books/graph coloring tools/gct.tex:153: Illega
l unit of measure (pt inserted)
Dimensions can be in units of em, ex, in, pt, pc,
cm, mm, dd, cc, nd, nc, bp, or sp; but yours is a new one!
I'll assume that you meant to say pt, for printer's points.
To recover gracefully from this error, it's best to
delete the erroneous units; e.g., type `2' to delete
two letters. (See Chapter 27 of The TeXbook.)

Package marginnote Info: xpos seems to be 464.55319pt,
(marginnote)             \marginnoteleftadjust ignored on input line 153.
Package marginnote Info: Margin note 10.5 is on absolute page 10
(marginnote)              on input line 154.

C:/Users/landon/Documents/GitHub/books/graph coloring tools/gct.tex:154: Missin
g number, treated as zero
A number should have been here; I inserted `0'.
(If you can't figure out why I needed to see a number,
look up `weird error' in the index to The TeXbook.)


C:/Users/landon/Documents/GitHub/books/graph coloring tools/gct.tex:154: Illega
l unit of measure (pt inserted)
Dimensions can be in units of em, ex, in, pt, pc,
cm, mm, dd, cc, nd, nc, bp, or sp; but yours is a new one!
I'll assume that you meant to say pt, for printer's points.
To recover gracefully from this error, it's best to
delete the erroneous units; e.g., type `2' to delete
two letters. (See Chapter 27 of The TeXbook.)

Package marginnote Info: xpos seems to be 178.0656pt,
(marginnote)             \marginnoteleftadjust ignored on input line 154.
Package marginnote Info: Margin note 10.6 is on absolute page 10
(marginnote)              on input line 160.

C:/Users/landon/Documents/GitHub/books/graph coloring tools/gct.tex:160: Missin
g number, treated as zero
A number should have been here; I inserted `0'.
(If you can't figure out why I needed to see a number,
look up `weird error' in the index to The TeXbook.)


C:/Users/landon/Documents/GitHub/books/graph coloring tools/gct.tex:160: Illega
l unit of measure (pt inserted)
Dimensions can be in units of em, ex, in, pt, pc,
cm, mm, dd, cc, nd, nc, bp, or sp; but yours is a new one!
I'll assume that you meant to say pt, for printer's points.
To recover gracefully from this error, it's best to
delete the erroneous units; e.g., type `2' to delete
two letters. (See Chapter 27 of The TeXbook.)

Package marginnote Info: xpos seems to be 186.03651pt,
(marginnote)             \marginnoteleftadjust ignored on input line 160.
Package marginnote Info: Margin note 10.7 is on absolute page 10
(marginnote)              on input line 161.

C:/Users/landon/Documents/GitHub/books/graph coloring tools/gct.tex:161: Missin
g number, treated as zero
A number should have been here; I inserted `0'.
(If you can't figure out why I needed to see a number,
look up `weird error' in the index to The TeXbook.)


C:/Users/landon/Documents/GitHub/books/graph coloring tools/gct.tex:161: Illega
l unit of measure (pt inserted)
Dimensions can be in units of em, ex, in, pt, pc,
cm, mm, dd, cc, nd, nc, bp, or sp; but yours is a new one!
I'll assume that you meant to say pt, for printer's points.
To recover gracefully from this error, it's best to
delete the erroneous units; e.g., type `2' to delete
two letters. (See Chapter 27 of The TeXbook.)

Package marginnote Info: xpos seems to be 321.62137pt,
(marginnote)             \marginnoteleftadjust ignored on input line 161.
 [2] [3] [4]
Package marginnote Info: Margin note 13.1 is on absolute page 13
(marginnote)              on input line 269.
Package marginnote Info: xpos seems to be 382.48131pt,
(marginnote)             \marginnoterightadjust ignored on input line 269.

C:/Users/landon/Documents/GitHub/books/graph coloring tools/gct.tex:269: Missin
g number, treated as zero
A number should have been here; I inserted `0'.
(If you can't figure out why I needed to see a number,
look up `weird error' in the index to The TeXbook.)


C:/Users/landon/Documents/GitHub/books/graph coloring tools/gct.tex:269: Illega
l unit of measure (pt inserted)
Dimensions can be in units of em, ex, in, pt, pc,
cm, mm, dd, cc, nd, nc, bp, or sp; but yours is a new one!
I'll assume that you meant to say pt, for printer's points.
To recover gracefully from this error, it's best to
delete the erroneous units; e.g., type `2' to delete
two letters. (See Chapter 27 of The TeXbook.)

Package marginnote Info: Margin note 13.2 is on absolute page 13
(marginnote)              on input line 290.
Package marginnote Info: xpos seems to be 365.60397pt,
(marginnote)             \marginnoterightadjust ignored on input line 290.

C:/Users/landon/Documents/GitHub/books/graph coloring tools/gct.tex:290: Missin
g number, treated as zero
A number should have been here; I inserted `0'.
(If you can't figure out why I needed to see a number,
look up `weird error' in the index to The TeXbook.)


C:/Users/landon/Documents/GitHub/books/graph coloring tools/gct.tex:290: Illega
l unit of measure (pt inserted)
Dimensions can be in units of em, ex, in, pt, pc,
cm, mm, dd, cc, nd, nc, bp, or sp; but yours is a new one!
I'll assume that you meant to say pt, for printer's points.
To recover gracefully from this error, it's best to
delete the erroneous units; e.g., type `2' to delete
two letters. (See Chapter 27 of The TeXbook.)

Package marginnote Info: Margin note 13.3 is on absolute page 13
(marginnote)              on input line 294.
Package marginnote Info: xpos seems to be 147.17531pt,
(marginnote)             \marginnoterightadjust ignored on input line 294.

C:/Users/landon/Documents/GitHub/books/graph coloring tools/gct.tex:294: Missin
g number, treated as zero
A number should have been here; I inserted `0'.
(If you can't figure out why I needed to see a number,
look up `weird error' in the index to The TeXbook.)


C:/Users/landon/Documents/GitHub/books/graph coloring tools/gct.tex:294: Illega
l unit of measure (pt inserted)
Dimensions can be in units of em, ex, in, pt, pc,
cm, mm, dd, cc, nd, nc, bp, or sp; but yours is a new one!
I'll assume that you meant to say pt, for printer's points.
To recover gracefully from this error, it's best to
delete the erroneous units; e.g., type `2' to delete
two letters. (See Chapter 27 of The TeXbook.)

 [5] [6] [7] [8]


C:/Users/landon/Documents/GitHub/books/graph coloring tools/gct.tex:426: LaTeX 
Error: Environment EulerianOrientationsLemma undefined.

See the LaTeX manual or LaTeX Companion for explanation.
Type  H <return>  for immediate help
Your command was ignored.
Type  I <command> <return>  to replace it with another command,
or  <return>  to continue without it.



C:/Users/landon/Documents/GitHub/books/graph coloring tools/gct.tex:429: LaTeX 
Error: \begin{document} ended by \end{EulerianOrientationsLemma}.

See the LaTeX manual or LaTeX Companion for explanation.
Type  H <return>  for immediate help
Your command was ignored.
Type  I <command> <return>  to replace it with another command,
or  <return>  to continue without it.


[9]
[10]
partitions and vertex shuffling

[11


]
[12


]
independent transversals

C:/Users/landon/Documents/GitHub/books/graph coloring tools/gct.tex:474: Undefi
ned control sequence
The control sequence at the end of the top line
of your error message was never \def'ed. If you have
misspelled it (e.g., `\hobx'), type `I' and the correct
spelling (e.g., `I\hbox'). Otherwise just continue,
and I'll forget about whatever was undefined.


C:/Users/landon/Documents/GitHub/books/graph coloring tools/gct.tex:476: Undefi
ned control sequence
The control sequence at the end of the top line
of your error message was never \def'ed. If you have
misspelled it (e.g., `\hobx'), type `I' and the correct
spelling (e.g., `I\hbox'). Otherwise just continue,
and I'll forget about whatever was undefined.


C:/Users/landon/Documents/GitHub/books/graph coloring tools/gct.tex:481: Undefi
ned control sequence
The control sequence at the end of the top line
of your error message was never \def'ed. If you have
misspelled it (e.g., `\hobx'), type `I' and the correct
spelling (e.g., `I\hbox'). Otherwise just continue,
and I'll forget about whatever was undefined.


C:/Users/landon/Documents/GitHub/books/graph coloring tools/gct.tex:495: Undefi
ned control sequence
The control sequence at the end of the top line
of your error message was never \def'ed. If you have
misspelled it (e.g., `\hobx'), type `I' and the correct
spelling (e.g., `I\hbox'). Otherwise just continue,
and I'll forget about whatever was undefined.

 [13]


C:/Users/landon/Documents/GitHub/books/graph coloring tools/gct.tex:545: LaTeX 
Error: Environment defn undefined.

See the LaTeX manual or LaTeX Companion for explanation.
Type  H <return>  for immediate help
Your command was ignored.
Type  I <command> <return>  to replace it with another command,
or  <return>  to continue without it.



C:/Users/landon/Documents/GitHub/books/graph coloring tools/gct.tex:548: LaTeX 
Error: \begin{document} ended by \end{defn}.

See the LaTeX manual or LaTeX Companion for explanation.
Type  H <return>  for immediate help
Your command was ignored.
Type  I <command> <return>  to replace it with another command,
or  <return>  to continue without it.


[14]
[15]
[16


]
vertex transitive graphs

C:/Users/landon/Documents/GitHub/books/graph coloring tools/gct.tex:603: Undefi
ned control sequence
The control sequence at the end of the top line
of your error message was never \def'ed. If you have
misspelled it (e.g., `\hobx'), type `I' and the correct
spelling (e.g., `I\hbox'). Otherwise just continue,
and I'll forget about whatever was undefined.


C:/Users/landon/Documents/GitHub/books/graph coloring tools/gct.tex:604: Undefi
ned control sequence
The control sequence at the end of the top line
of your error message was never \def'ed. If you have
misspelled it (e.g., `\hobx'), type `I' and the correct
spelling (e.g., `I\hbox'). Otherwise just continue,
and I'll forget about whatever was undefined.


C:/Users/landon/Documents/GitHub/books/graph coloring tools/gct.tex:604: Undefi
ned control sequence
The control sequence at the end of the top line
of your error message was never \def'ed. If you have
misspelled it (e.g., `\hobx'), type `I' and the correct
spelling (e.g., `I\hbox'). Otherwise just continue,
and I'll forget about whatever was undefined.


C:/Users/landon/Documents/GitHub/books/graph coloring tools/gct.tex:605: Undefi
ned control sequence
The control sequence at the end of the top line
of your error message was never \def'ed. If you have
misspelled it (e.g., `\hobx'), type `I' and the correct
spelling (e.g., `I\hbox'). Otherwise just continue,
and I'll forget about whatever was undefined.


C:/Users/landon/Documents/GitHub/books/graph coloring tools/gct.tex:606: Undefi
ned control sequence
The control sequence at the end of the top line
of your error message was never \def'ed. If you have
misspelled it (e.g., `\hobx'), type `I' and the correct
spelling (e.g., `I\hbox'). Otherwise just continue,
and I'll forget about whatever was undefined.


C:/Users/landon/Documents/GitHub/books/graph coloring tools/gct.tex:606: Missin
g { inserted
A left brace was mandatory here, so I've put one in.
You might want to delete and/or insert some corrections
so that I will find a matching right brace soon.
(If you're confused by all this, try typing `I}' now.)


C:/Users/landon/Documents/GitHub/books/graph coloring tools/gct.tex:606: Missin
g } inserted
I've inserted something that you may have forgotten.
(See the <inserted text> above.)
With luck, this will get me unwedged. But if you
really didn't forget anything, try typing `2' now; then
my insertion and my current dilemma will both disappear.


C:/Users/landon/Documents/GitHub/books/graph coloring tools/gct.tex:608: Undefi
ned control sequence
The control sequence at the end of the top line
of your error message was never \def'ed. If you have
misspelled it (e.g., `\hobx'), type `I' and the correct
spelling (e.g., `I\hbox'). Otherwise just continue,
and I'll forget about whatever was undefined.


C:/Users/landon/Documents/GitHub/books/graph coloring tools/gct.tex:608: Missin
g { inserted
A left brace was mandatory here, so I've put one in.
You might want to delete and/or insert some corrections
so that I will find a matching right brace soon.
(If you're confused by all this, try typing `I}' now.)


C:/Users/landon/Documents/GitHub/books/graph coloring tools/gct.tex:608: Missin
g } inserted
I've inserted something that you may have forgotten.
(See the <inserted text> above.)
With luck, this will get me unwedged. But if you
really didn't forget anything, try typing `2' now; then
my insertion and my current dilemma will both disappear.

 [17] [18


]
coloring edges
Package marginnote Info: Margin note 27.1 is on absolute page 27
(marginnote)              on input line 624.
Package marginnote Info: xpos seems to be 158.12285pt,
(marginnote)             \marginnoterightadjust ignored on input line 624.

C:/Users/landon/Documents/GitHub/books/graph coloring tools/gct.tex:624: Missin
g number, treated as zero
A number should have been here; I inserted `0'.
(If you can't figure out why I needed to see a number,
look up `weird error' in the index to The TeXbook.)


C:/Users/landon/Documents/GitHub/books/graph coloring tools/gct.tex:624: Illega
l unit of measure (pt inserted)
Dimensions can be in units of em, ex, in, pt, pc,
cm, mm, dd, cc, nd, nc, bp, or sp; but yours is a new one!
I'll assume that you meant to say pt, for printer's points.
To recover gracefully from this error, it's best to
delete the erroneous units; e.g., type `2' to delete
two letters. (See Chapter 27 of The TeXbook.)

Package marginnote Info: Margin note 27.2 is on absolute page 27
(marginnote)              on input line 624.
Package marginnote Info: xpos seems to be 181.84404pt,
(marginnote)             \marginnoterightadjust ignored on input line 624.

C:/Users/landon/Documents/GitHub/books/graph coloring tools/gct.tex:624: Missin
g number, treated as zero
A number should have been here; I inserted `0'.
(If you can't figure out why I needed to see a number,
look up `weird error' in the index to The TeXbook.)


C:/Users/landon/Documents/GitHub/books/graph coloring tools/gct.tex:624: Illega
l unit of measure (pt inserted)
Dimensions can be in units of em, ex, in, pt, pc,
cm, mm, dd, cc, nd, nc, bp, or sp; but yours is a new one!
I'll assume that you meant to say pt, for printer's points.
To recover gracefully from this error, it's best to
delete the erroneous units; e.g., type `2' to delete
two letters. (See Chapter 27 of The TeXbook.)

Package marginnote Info: Margin note 27.3 is on absolute page 27
(marginnote)              on input line 625.
Package marginnote Info: xpos seems to be 237.76854pt,
(marginnote)             \marginnoterightadjust ignored on input line 625.
 [19] [20] [21] (gct.aux) ) 
Here is how much of TeX's memory you used:
 2596 strings out of 493367
 30970 string characters out of 3137292
 99109 words of memory out of 3000000
 5958 multiletter control sequences out of 15000+200000
 10697 words of font info for 41 fonts, out of 3000000 for 9000
 1289 hyphenation exceptions out of 8191
 34i,11n,31p,726b,317s stack positions out of 5000i,500n,10000p,200000b,50000s
<C:/Program Files (x86)/MiKTeX 2.9/fonts/type1/publi
c/amsfonts/cm/cmbx10.pfb><C:/Program Files (x86)/MiKTeX 2.9/fonts/type1/public/
amsfonts/cm/cmbx12.pfb><C:/Program Files (x86)/MiKTeX 2.9/fonts/type1/public/am
sfonts/cm/cmcsc10.pfb><C:/Program Files (x86)/MiKTeX 2.9/fonts/type1/public/ams
fonts/cm/cmex10.pfb><C:/Program Files (x86)/MiKTeX 2.9/fonts/type1/public/amsfo
nts/cm/cmmi10.pfb><C:/Program Files (x86)/MiKTeX 2.9/fonts/type1/public/amsfont
s/cm/cmmi5.pfb><C:/Program Files (x86)/MiKTeX 2.9/fonts/type1/public/amsfonts/c
m/cmmi7.pfb><C:/Program Files (x86)/MiKTeX 2.9/fonts/type1/public/amsfonts/cm/c
mr10.pfb><C:/Program Files (x86)/MiKTeX 2.9/fonts/type1/public/amsfonts/cm/cmr5
.pfb><C:/Program Files (x86)/MiKTeX 2.9/fonts/type1/public/amsfonts/cm/cmr7.pfb
><C:/Program Files (x86)/MiKTeX 2.9/fonts/type1/public/amsfonts/cm/cmsy10.pfb><
C:/Program Files (x86)/MiKTeX 2.9/fonts/type1/public/amsfonts/cm/cmsy7.pfb><C:/
Program Files (x86)/MiKTeX 2.9/fonts/type1/public/amsfonts/cm/cmti10.pfb><C:/Pr
ogram Files (x86)/MiKTeX 2.9/fonts/type1/public/amsfonts/cm/cmti7.pfb><C:/Progr
am Files (x86)/MiKTeX 2.9/fonts/type1/public/amsfonts/symbols/msam10.pfb><C:/Pr
ogram Files (x86)/MiKTeX 2.9/fonts/type1/public/amsfonts/symbols/msbm10.pfb><C:
/Program Files (x86)/MiKTeX 2.9/fonts/type1/public/amsfonts/symbols/msbm7.pfb>
Output written on gct.pdf (29 pages, 291984 bytes).
PDF statistics:
 163 PDF objects out of 1000 (max. 8388607)
 0 named destinations out of 1000 (max. 500000)
 1 words of extra memory for PDF output out of 10000 (max. 10000000)

