\BOOKMARK [0][-]{chapter*.2}{\376\377\000G\000r\000a\000p\000h\000s}{}% 1
\BOOKMARK [0][-]{chapter*.3}{\376\377\000C\000o\000l\000o\000r\000i\000n\000g\000\040\000v\000e\000r\000t\000i\000c\000e\000s}{}% 2
\BOOKMARK [1][-]{section*.4}{\376\377\000B\000a\000s\000i\000c\000\040\000e\000s\000t\000i\000m\000a\000t\000e\000s}{chapter*.3}% 3
\BOOKMARK [1][-]{section*.5}{\376\377\000B\000r\000o\000o\000k\000s\000'\000\040\000t\000h\000e\000o\000r\000e\000m}{chapter*.3}% 4
\BOOKMARK [1][-]{section*.6}{\376\377\000L\000i\000s\000t\000\040\000c\000o\000l\000o\000r\000i\000n\000g}{chapter*.3}% 5
\BOOKMARK [1][-]{section*.7}{\376\377\000C\000o\000l\000o\000r\000i\000n\000g\000\040\000w\000i\000t\000h\000\040\000p\000r\000e\000s\000c\000r\000i\000b\000e\000d\000\040\000l\000i\000s\000t\000\040\000s\000i\000z\000e\000s}{chapter*.3}% 6
\BOOKMARK [1][-]{section*.8}{\376\377\000H\000i\000s\000t\000o\000r\000i\000c\000a\000l\000\040\000n\000o\000t\000e\000s}{chapter*.3}% 7
\BOOKMARK [0][-]{chapter*.9}{\376\377\000L\000i\000s\000t\000\040\000c\000o\000l\000o\000r\000i\000n\000g\000\040\000c\000o\000m\000p\000l\000e\000t\000e\000\040\000g\000r\000a\000p\000h\000s}{}% 8
\BOOKMARK [0][-]{chapter*.10}{\376\377\000K\000e\000r\000n\000e\000l\000\040\000m\000a\000g\000i\000c}{}% 9
\BOOKMARK [1][-]{section*.11}{\376\377\000B\000r\000o\000o\000k\000s\000'\000\040\000t\000h\000e\000o\000r\000e\000m\000\040\000f\000o\000r\000\040\000l\000i\000s\000t\000\040\000c\000o\000l\000o\000r\000i\000n\000g}{chapter*.10}% 10
\BOOKMARK [1][-]{section*.12}{\376\377\000T\000r\000i\000a\000n\000g\000l\000e\000-\000f\000r\000e\000e\000\040\000g\000r\000a\000p\000h\000s}{chapter*.10}% 11
\BOOKMARK [1][-]{section*.13}{\376\377\000H\000i\000s\000t\000o\000r\000i\000c\000a\000l\000\040\000n\000o\000t\000e\000s}{chapter*.10}% 12
\BOOKMARK [0][-]{chapter*.14}{\376\377\000C\000o\000m\000b\000i\000n\000a\000t\000o\000r\000i\000a\000l\000\040\000n\000u\000l\000l\000s\000t\000e\000l\000l\000e\000n\000s\000a\000t\000z}{}% 13
\BOOKMARK [1][-]{section*.15}{\376\377\000T\000h\000e\000\040\000g\000r\000a\000p\000h\000\040\000p\000o\000l\000y\000n\000o\000m\000i\000a\000l}{chapter*.14}% 14
\BOOKMARK [1][-]{section*.16}{\376\377\000A\000\040\000c\000o\000e\000f\000f\000i\000c\000i\000e\000n\000t\000\040\000f\000o\000r\000m\000u\000l\000a}{chapter*.14}% 15
\BOOKMARK [1][-]{section*.17}{\376\377\000U\000n\000i\000q\000u\000e\000l\000y\000\040\000c\000o\000l\000o\000r\000a\000b\000l\000e\000\040\000g\000r\000a\000p\000h\000s}{chapter*.14}% 16
\BOOKMARK [1][-]{section*.18}{\376\377\000A\000d\000d\000i\000n\000g\000\040\000e\000d\000g\000e\000s\000\040\000t\000o\000\040\000s\000i\000m\000p\000l\000i\000f\000y\000\040\000c\000o\000e\000f\000f\000i\000c\000i\000e\000n\000t\000\040\000c\000o\000m\000p\000u\000t\000a\000t\000i\000o\000n}{chapter*.14}% 17
\BOOKMARK [1][-]{section*.19}{\376\377\000A\000T\000\040\000p\000r\000e\000s\000e\000r\000v\000i\000n\000g\000\040\000o\000p\000e\000r\000a\000t\000i\000o\000n\000s}{chapter*.14}% 18
\BOOKMARK [1][-]{section*.20}{\376\377\000H\000i\000s\000t\000o\000r\000i\000c\000a\000l\000\040\000n\000o\000t\000e\000s}{chapter*.14}% 19
\BOOKMARK [0][-]{chapter*.21}{\376\377\000I\000n\000d\000e\000p\000e\000n\000d\000e\000n\000t\000\040\000t\000r\000a\000n\000s\000v\000e\000r\000s\000a\000l\000s}{}% 20
\BOOKMARK [1][-]{section*.22}{\376\377\000L\000i\000s\000t\000s\000\040\000w\000i\000t\000h\000\040\000l\000o\000w\000\040\000d\000e\000g\000r\000e\000e\000\040\000c\000o\000l\000o\000r\000\040\000g\000r\000a\000p\000h\000s}{chapter*.21}% 21
\BOOKMARK [1][-]{section*.23}{\376\377\000H\000i\000t\000t\000i\000n\000g\000\040\000a\000l\000l\000\040\000m\000a\000x\000i\000m\000u\000m\000\040\000c\000l\000i\000q\000u\000e\000s}{chapter*.21}% 22
\BOOKMARK [1][-]{section*.24}{\376\377\000H\000i\000s\000t\000o\000r\000i\000c\000a\000l\000\040\000n\000o\000t\000e\000s}{chapter*.21}% 23
\BOOKMARK [0][-]{chapter*.25}{\376\377\000V\000e\000r\000t\000e\000x\000\040\000p\000a\000r\000t\000i\000t\000i\000o\000n\000s\000\040\000a\000n\000d\000\040\000s\000h\000u\000f\000f\000l\000i\000n\000g}{}% 24
\BOOKMARK [1][-]{section*.26}{\376\377\000H\000i\000s\000t\000o\000r\000i\000c\000a\000l\000\040\000n\000o\000t\000e\000s}{chapter*.25}% 25
\BOOKMARK [0][-]{chapter*.27}{\376\377\000C\000o\000l\000o\000r\000i\000n\000g\000\040\000e\000d\000g\000e\000s}{}% 26
\BOOKMARK [1][-]{section*.28}{\376\377\000H\000i\000s\000t\000o\000r\000i\000c\000a\000l\000\040\000n\000o\000t\000e\000s}{chapter*.27}% 27
\BOOKMARK [0][-]{chapter*.29}{\376\377\000M\000a\000x\000i\000m\000u\000m\000\040\000f\000l\000o\000w\000s\000\040\000v\000e\000r\000s\000u\000s\000\040\000m\000i\000n\000i\000m\000u\000m\000\040\000c\000u\000t\000s}{}% 28
\BOOKMARK [1][-]{section*.30}{\376\377\000H\000a\000l\000l\000'\000s\000\040\000t\000h\000e\000o\000r\000e\000m}{chapter*.29}% 29
\BOOKMARK [1][-]{section*.31}{\376\377\000O\000r\000i\000e\000n\000t\000a\000t\000i\000o\000n\000s\000\040\000w\000i\000t\000h\000\040\000p\000r\000e\000s\000c\000r\000i\000b\000e\000d\000\040\000d\000e\000g\000r\000e\000e\000s}{chapter*.29}% 30
\BOOKMARK [1][-]{section*.32}{\376\377\000H\000i\000s\000t\000o\000r\000i\000c\000a\000l\000\040\000n\000o\000t\000e\000s}{chapter*.29}% 31
